{"/Users/gcaracas/git/thehybridprotocol/frontend/src/app/page.tsx": {"path":"/Users/gcaracas/git/thehybridprotocol/frontend/src/app/page.tsx","statementMap":{"0":{"start":{"line":7,"column":24},"end":{"line":7,"column":null}},"1":{"start":{"line":1,"column":24},"end":{"line":1,"column":null}},"2":{"start":{"line":2,"column":33},"end":{"line":2,"column":null}},"3":{"start":{"line":3,"column":30},"end":{"line":3,"column":null}},"4":{"start":{"line":4,"column":32},"end":{"line":4,"column":null}},"5":{"start":{"line":5,"column":29},"end":{"line":5,"column":null}}},"fnMap":{"0":{"name":"Home","decl":{"start":{"line":7,"column":24},"end":{"line":7,"column":null}},"loc":{"start":{"line":7,"column":24},"end":{"line":26,"column":null}}}},"branchMap":{},"s":{"0":0,"1":0,"2":0,"3":0,"4":0,"5":0},"f":{"0":0},"b":{}}
,"/Users/gcaracas/git/thehybridprotocol/frontend/src/app/newsletters/page.tsx": {"path":"/Users/gcaracas/git/thehybridprotocol/frontend/src/app/newsletters/page.tsx","statementMap":{"0":{"start":{"line":21,"column":24},"end":{"line":21,"column":null}},"1":{"start":{"line":3,"column":36},"end":{"line":3,"column":null}},"2":{"start":{"line":4,"column":17},"end":{"line":4,"column":null}},"3":{"start":{"line":5,"column":18},"end":{"line":5,"column":null}},"4":{"start":{"line":22,"column":40},"end":{"line":22,"column":null}},"5":{"start":{"line":23,"column":32},"end":{"line":23,"column":null}},"6":{"start":{"line":24,"column":28},"end":{"line":24,"column":null}},"7":{"start":{"line":26,"column":27},"end":{"line":46,"column":null}},"8":{"start":{"line":27,"column":4},"end":{"line":45,"column":null}},"9":{"start":{"line":28,"column":6},"end":{"line":28,"column":null}},"10":{"start":{"line":29,"column":6},"end":{"line":29,"column":null}},"11":{"start":{"line":31,"column":21},"end":{"line":31,"column":null}},"12":{"start":{"line":32,"column":23},"end":{"line":32,"column":null}},"13":{"start":{"line":34,"column":6},"end":{"line":36,"column":null}},"14":{"start":{"line":35,"column":8},"end":{"line":35,"column":null}},"15":{"start":{"line":38,"column":39},"end":{"line":38,"column":null}},"16":{"start":{"line":39,"column":6},"end":{"line":39,"column":null}},"17":{"start":{"line":41,"column":6},"end":{"line":41,"column":null}},"18":{"start":{"line":42,"column":6},"end":{"line":42,"column":null}},"19":{"start":{"line":44,"column":6},"end":{"line":44,"column":null}},"20":{"start":{"line":48,"column":2},"end":{"line":50,"column":null}},"21":{"start":{"line":49,"column":4},"end":{"line":49,"column":null}},"22":{"start":{"line":52,"column":21},"end":{"line":62,"column":null}},"23":{"start":{"line":53,"column":4},"end":{"line":61,"column":null}},"24":{"start":{"line":54,"column":6},"end":{"line":58,"column":null}},"25":{"start":{"line":60,"column":6},"end":{"line":60,"column":null}},"26":{"start":{"line":64,"column":2},"end":{"line":87,"column":null}},"27":{"start":{"line":74,"column":18},"end":{"line":74,"column":31}},"28":{"start":{"line":89,"column":2},"end":{"line":105,"column":null}},"29":{"start":{"line":133,"column":14},"end":{"line":133,"column":43}}},"fnMap":{"0":{"name":"NewslettersPage","decl":{"start":{"line":21,"column":24},"end":{"line":21,"column":null}},"loc":{"start":{"line":21,"column":24},"end":{"line":199,"column":null}}},"1":{"name":"(anonymous_3)","decl":{"start":{"line":26,"column":27},"end":{"line":26,"column":null}},"loc":{"start":{"line":26,"column":27},"end":{"line":46,"column":null}}},"2":{"name":"(anonymous_4)","decl":{"start":{"line":48,"column":12},"end":{"line":48,"column":null}},"loc":{"start":{"line":48,"column":12},"end":{"line":50,"column":5}}},"3":{"name":"(anonymous_5)","decl":{"start":{"line":52,"column":21},"end":{"line":52,"column":22}},"loc":{"start":{"line":52,"column":22},"end":{"line":62,"column":null}}},"4":{"name":"(anonymous_6)","decl":{"start":{"line":73,"column":31},"end":{"line":73,"column":32}},"loc":{"start":{"line":74,"column":18},"end":{"line":74,"column":31}}},"5":{"name":"(anonymous_7)","decl":{"start":{"line":132,"column":29},"end":{"line":132,"column":30}},"loc":{"start":{"line":133,"column":14},"end":{"line":133,"column":43}}}},"branchMap":{"0":{"loc":{"start":{"line":31,"column":21},"end":{"line":31,"column":null}},"type":"binary-expr","locations":[{"start":{"line":31,"column":21},"end":{"line":31,"column":52}},{"start":{"line":31,"column":56},"end":{"line":31,"column":null}}]},"1":{"loc":{"start":{"line":34,"column":6},"end":{"line":36,"column":null}},"type":"if","locations":[{"start":{"line":34,"column":6},"end":{"line":36,"column":null}}]},"2":{"loc":{"start":{"line":42,"column":15},"end":{"line":42,"column":null}},"type":"cond-expr","locations":[{"start":{"line":42,"column":38},"end":{"line":42,"column":49}},{"start":{"line":42,"column":52},"end":{"line":42,"column":null}}]},"3":{"loc":{"start":{"line":64,"column":2},"end":{"line":87,"column":null}},"type":"if","locations":[{"start":{"line":64,"column":2},"end":{"line":87,"column":null}}]},"4":{"loc":{"start":{"line":89,"column":2},"end":{"line":105,"column":null}},"type":"if","locations":[{"start":{"line":89,"column":2},"end":{"line":105,"column":null}}]},"5":{"loc":{"start":{"line":122,"column":10},"end":{"line":131,"column":11}},"type":"cond-expr","locations":[{"start":{"line":122,"column":10},"end":{"line":131,"column":11}}]},"6":{"loc":{"start":{"line":135,"column":17},"end":{"line":135,"column":46}},"type":"binary-expr","locations":[{"start":{"line":135,"column":17},"end":{"line":135,"column":46}}]}},"s":{"0":0,"1":0,"2":0,"3":0,"4":0,"5":0,"6":0,"7":0,"8":0,"9":0,"10":0,"11":0,"12":0,"13":0,"14":0,"15":0,"16":0,"17":0,"18":0,"19":0,"20":0,"21":0,"22":0,"23":0,"24":0,"25":0,"26":0,"27":0,"28":0,"29":0},"f":{"0":0,"1":0,"2":0,"3":0,"4":0,"5":0},"b":{"0":[0,0],"1":[0],"2":[0,0],"3":[0],"4":[0],"5":[0],"6":[0]}}
,"/Users/gcaracas/git/thehybridprotocol/frontend/src/app/newsletters/[slug]/not-found.tsx": {"path":"/Users/gcaracas/git/thehybridprotocol/frontend/src/app/newsletters/[slug]/not-found.tsx","statementMap":{"0":{"start":{"line":3,"column":24},"end":{"line":3,"column":null}},"1":{"start":{"line":1,"column":17},"end":{"line":1,"column":null}}},"fnMap":{"0":{"name":"NewsletterNotFound","decl":{"start":{"line":3,"column":24},"end":{"line":3,"column":null}},"loc":{"start":{"line":3,"column":24},"end":{"line":31,"column":null}}}},"branchMap":{},"s":{"0":0,"1":0},"f":{"0":0},"b":{}}
,"/Users/gcaracas/git/thehybridprotocol/frontend/src/app/newsletters/[slug]/page.tsx": {"path":"/Users/gcaracas/git/thehybridprotocol/frontend/src/app/newsletters/[slug]/page.tsx","statementMap":{"0":{"start":{"line":85,"column":30},"end":{"line":85,"column":45}},"1":{"start":{"line":55,"column":22},"end":{"line":55,"column":39}},"2":{"start":{"line":1,"column":25},"end":{"line":1,"column":null}},"3":{"start":{"line":2,"column":17},"end":{"line":2,"column":null}},"4":{"start":{"line":3,"column":18},"end":{"line":3,"column":null}},"5":{"start":{"line":25,"column":17},"end":{"line":25,"column":null}},"6":{"start":{"line":27,"column":2},"end":{"line":52,"column":null}},"7":{"start":{"line":28,"column":4},"end":{"line":28,"column":null}},"8":{"start":{"line":29,"column":4},"end":{"line":29,"column":null}},"9":{"start":{"line":31,"column":21},"end":{"line":33,"column":null}},"10":{"start":{"line":35,"column":4},"end":{"line":35,"column":null}},"11":{"start":{"line":37,"column":4},"end":{"line":43,"column":null}},"12":{"start":{"line":38,"column":6},"end":{"line":41,"column":null}},"13":{"start":{"line":39,"column":8},"end":{"line":39,"column":null}},"14":{"start":{"line":40,"column":8},"end":{"line":40,"column":null}},"15":{"start":{"line":42,"column":6},"end":{"line":42,"column":null}},"16":{"start":{"line":45,"column":23},"end":{"line":45,"column":null}},"17":{"start":{"line":46,"column":4},"end":{"line":46,"column":null}},"18":{"start":{"line":47,"column":4},"end":{"line":47,"column":null}},"19":{"start":{"line":50,"column":4},"end":{"line":50,"column":null}},"20":{"start":{"line":51,"column":4},"end":{"line":51,"column":null}},"21":{"start":{"line":56,"column":2},"end":{"line":82,"column":null}},"22":{"start":{"line":57,"column":21},"end":{"line":57,"column":null}},"23":{"start":{"line":58,"column":23},"end":{"line":58,"column":null}},"24":{"start":{"line":60,"column":4},"end":{"line":65,"column":null}},"25":{"start":{"line":61,"column":6},"end":{"line":64,"column":null}},"26":{"start":{"line":67,"column":10},"end":{"line":75,"column":null}},"27":{"start":{"line":77,"column":4},"end":{"line":77,"column":null}},"28":{"start":{"line":78,"column":4},"end":{"line":81,"column":null}},"29":{"start":{"line":86,"column":2},"end":{"line":211,"column":null}},"30":{"start":{"line":87,"column":21},"end":{"line":87,"column":null}},"31":{"start":{"line":88,"column":4},"end":{"line":88,"column":null}},"32":{"start":{"line":90,"column":23},"end":{"line":90,"column":null}},"33":{"start":{"line":92,"column":4},"end":{"line":95,"column":null}},"34":{"start":{"line":93,"column":6},"end":{"line":93,"column":null}},"35":{"start":{"line":94,"column":6},"end":{"line":94,"column":null}},"36":{"start":{"line":97,"column":23},"end":{"line":107,"column":null}},"37":{"start":{"line":98,"column":6},"end":{"line":106,"column":null}},"38":{"start":{"line":99,"column":8},"end":{"line":103,"column":null}},"39":{"start":{"line":105,"column":8},"end":{"line":105,"column":null}},"40":{"start":{"line":109,"column":26},"end":{"line":116,"column":null}},"41":{"start":{"line":111,"column":6},"end":{"line":112,"column":23}},"42":{"start":{"line":112,"column":8},"end":{"line":112,"column":23}},"43":{"start":{"line":209,"column":4},"end":{"line":209,"column":null}},"44":{"start":{"line":210,"column":4},"end":{"line":210,"column":null}}},"fnMap":{"0":{"name":"getNewsletter","decl":{"start":{"line":24,"column":15},"end":{"line":24,"column":29}},"loc":{"start":{"line":24,"column":41},"end":{"line":53,"column":null}}},"1":{"name":"generateMetadata","decl":{"start":{"line":55,"column":22},"end":{"line":55,"column":39}},"loc":{"start":{"line":55,"column":70},"end":{"line":83,"column":null}}},"2":{"name":"NewsletterPage","decl":{"start":{"line":85,"column":30},"end":{"line":85,"column":45}},"loc":{"start":{"line":85,"column":76},"end":{"line":212,"column":null}}},"3":{"name":"(anonymous_7)","decl":{"start":{"line":97,"column":23},"end":{"line":97,"column":24}},"loc":{"start":{"line":97,"column":24},"end":{"line":107,"column":null}}},"4":{"name":"(anonymous_8)","decl":{"start":{"line":109,"column":26},"end":{"line":109,"column":27}},"loc":{"start":{"line":109,"column":27},"end":{"line":116,"column":null}}},"5":{"name":"(anonymous_9)","decl":{"start":{"line":111,"column":39},"end":{"line":111,"column":40}},"loc":{"start":{"line":112,"column":8},"end":{"line":112,"column":23}}}},"branchMap":{"0":{"loc":{"start":{"line":25,"column":17},"end":{"line":25,"column":null}},"type":"binary-expr","locations":[{"start":{"line":25,"column":17},"end":{"line":25,"column":48}},{"start":{"line":25,"column":52},"end":{"line":25,"column":null}}]},"1":{"loc":{"start":{"line":37,"column":4},"end":{"line":43,"column":null}},"type":"if","locations":[{"start":{"line":37,"column":4},"end":{"line":43,"column":null}}]},"2":{"loc":{"start":{"line":38,"column":6},"end":{"line":41,"column":null}},"type":"if","locations":[{"start":{"line":38,"column":6},"end":{"line":41,"column":null}}]},"3":{"loc":{"start":{"line":60,"column":4},"end":{"line":65,"column":null}},"type":"if","locations":[{"start":{"line":60,"column":4},"end":{"line":65,"column":null}}]},"4":{"loc":{"start":{"line":73,"column":18},"end":{"line":73,"column":null}},"type":"cond-expr","locations":[{"start":{"line":73,"column":50},"end":{"line":73,"column":84}},{"start":{"line":73,"column":84},"end":{"line":73,"column":null}}]},"5":{"loc":{"start":{"line":92,"column":4},"end":{"line":95,"column":null}},"type":"if","locations":[{"start":{"line":92,"column":4},"end":{"line":95,"column":null}}]},"6":{"loc":{"start":{"line":150,"column":11},"end":{"line":150,"column":40}},"type":"binary-expr","locations":[{"start":{"line":150,"column":11},"end":{"line":150,"column":40}}]},"7":{"loc":{"start":{"line":174,"column":17},"end":{"line":174,"column":64}},"type":"binary-expr","locations":[{"start":{"line":174,"column":17},"end":{"line":174,"column":64}}]}},"s":{"0":0,"1":0,"2":0,"3":0,"4":0,"5":0,"6":0,"7":0,"8":0,"9":0,"10":0,"11":0,"12":0,"13":0,"14":0,"15":0,"16":0,"17":0,"18":0,"19":0,"20":0,"21":0,"22":0,"23":0,"24":0,"25":0,"26":0,"27":0,"28":0,"29":0,"30":0,"31":0,"32":0,"33":0,"34":0,"35":0,"36":0,"37":0,"38":0,"39":0,"40":0,"41":0,"42":0,"43":0,"44":0},"f":{"0":0,"1":0,"2":0,"3":0,"4":0,"5":0},"b":{"0":[0,0],"1":[0],"2":[0],"3":[0],"4":[0,0],"5":[0],"6":[0],"7":[0]}}
,"/Users/gcaracas/git/thehybridprotocol/frontend/src/app/podcast/page.tsx": {"path":"/Users/gcaracas/git/thehybridprotocol/frontend/src/app/podcast/page.tsx","statementMap":{"0":{"start":{"line":8,"column":24},"end":{"line":8,"column":null}},"1":{"start":{"line":3,"column":13},"end":{"line":3,"column":24}},"2":{"start":{"line":1,"column":24},"end":{"line":1,"column":null}},"3":{"start":{"line":3,"column":24},"end":{"line":6,"column":null}}},"fnMap":{"0":{"name":"PodcastPage","decl":{"start":{"line":8,"column":24},"end":{"line":8,"column":null}},"loc":{"start":{"line":8,"column":24},"end":{"line":36,"column":null}}}},"branchMap":{},"s":{"0":0,"1":0,"2":0,"3":0},"f":{"0":0},"b":{}}
,"/Users/gcaracas/git/thehybridprotocol/frontend/src/app/podcast/[slug]/not-found.tsx": {"path":"/Users/gcaracas/git/thehybridprotocol/frontend/src/app/podcast/[slug]/not-found.tsx","statementMap":{"0":{"start":{"line":3,"column":24},"end":{"line":3,"column":null}},"1":{"start":{"line":1,"column":17},"end":{"line":1,"column":null}}},"fnMap":{"0":{"name":"NotFound","decl":{"start":{"line":3,"column":24},"end":{"line":3,"column":null}},"loc":{"start":{"line":3,"column":24},"end":{"line":37,"column":null}}}},"branchMap":{},"s":{"0":0,"1":0},"f":{"0":0},"b":{}}
,"/Users/gcaracas/git/thehybridprotocol/frontend/src/app/podcast/[slug]/page.tsx": {"path":"/Users/gcaracas/git/thehybridprotocol/frontend/src/app/podcast/[slug]/page.tsx","statementMap":{"0":{"start":{"line":151,"column":30},"end":{"line":151,"column":42}},"1":{"start":{"line":111,"column":22},"end":{"line":111,"column":39}},"2":{"start":{"line":1,"column":18},"end":{"line":1,"column":null}},"3":{"start":{"line":2,"column":17},"end":{"line":2,"column":null}},"4":{"start":{"line":3,"column":25},"end":{"line":3,"column":null}},"5":{"start":{"line":22,"column":17},"end":{"line":22,"column":null}},"6":{"start":{"line":25,"column":2},"end":{"line":28,"column":null}},"7":{"start":{"line":26,"column":4},"end":{"line":26,"column":null}},"8":{"start":{"line":27,"column":4},"end":{"line":27,"column":null}},"9":{"start":{"line":30,"column":2},"end":{"line":108,"column":null}},"10":{"start":{"line":31,"column":4},"end":{"line":31,"column":null}},"11":{"start":{"line":34,"column":22},"end":{"line":34,"column":83}},"12":{"start":{"line":35,"column":4},"end":{"line":35,"column":null}},"13":{"start":{"line":37,"column":21},"end":{"line":42,"column":null}},"14":{"start":{"line":44,"column":4},"end":{"line":48,"column":null}},"15":{"start":{"line":45,"column":6},"end":{"line":45,"column":null}},"16":{"start":{"line":46,"column":22},"end":{"line":46,"column":null}},"17":{"start":{"line":47,"column":6},"end":{"line":47,"column":null}},"18":{"start":{"line":50,"column":4},"end":{"line":50,"column":null}},"19":{"start":{"line":53,"column":20},"end":{"line":53,"column":53}},"20":{"start":{"line":54,"column":4},"end":{"line":54,"column":null}},"21":{"start":{"line":56,"column":25},"end":{"line":61,"column":null}},"22":{"start":{"line":63,"column":4},"end":{"line":95,"column":null}},"23":{"start":{"line":64,"column":19},"end":{"line":64,"column":null}},"24":{"start":{"line":65,"column":23},"end":{"line":65,"column":null}},"25":{"start":{"line":67,"column":6},"end":{"line":67,"column":null}},"26":{"start":{"line":70,"column":20},"end":{"line":70,"column":null}},"27":{"start":{"line":70,"column":58},"end":{"line":70,"column":null}},"28":{"start":{"line":72,"column":6},"end":{"line":75,"column":null}},"29":{"start":{"line":73,"column":8},"end":{"line":73,"column":null}},"30":{"start":{"line":74,"column":8},"end":{"line":74,"column":null}},"31":{"start":{"line":78,"column":24},"end":{"line":78,"column":null}},"32":{"start":{"line":79,"column":6},"end":{"line":83,"column":null}},"33":{"start":{"line":80,"column":8},"end":{"line":83,"column":null}},"34":{"start":{"line":86,"column":6},"end":{"line":89,"column":null}},"35":{"start":{"line":87,"column":8},"end":{"line":87,"column":null}},"36":{"start":{"line":88,"column":8},"end":{"line":88,"column":null}},"37":{"start":{"line":91,"column":6},"end":{"line":91,"column":null}},"38":{"start":{"line":92,"column":6},"end":{"line":92,"column":null}},"39":{"start":{"line":92,"column":81},"end":{"line":92,"column":88}},"40":{"start":{"line":94,"column":6},"end":{"line":94,"column":null}},"41":{"start":{"line":97,"column":4},"end":{"line":97,"column":null}},"42":{"start":{"line":99,"column":4},"end":{"line":99,"column":null}},"43":{"start":{"line":100,"column":4},"end":{"line":104,"column":null}},"44":{"start":{"line":107,"column":4},"end":{"line":107,"column":null}},"45":{"start":{"line":112,"column":2},"end":{"line":137,"column":null}},"46":{"start":{"line":113,"column":21},"end":{"line":113,"column":null}},"47":{"start":{"line":114,"column":4},"end":{"line":114,"column":null}},"48":{"start":{"line":116,"column":20},"end":{"line":116,"column":null}},"49":{"start":{"line":118,"column":4},"end":{"line":124,"column":null}},"50":{"start":{"line":119,"column":6},"end":{"line":119,"column":null}},"51":{"start":{"line":120,"column":6},"end":{"line":123,"column":null}},"52":{"start":{"line":126,"column":4},"end":{"line":126,"column":null}},"53":{"start":{"line":127,"column":4},"end":{"line":130,"column":null}},"54":{"start":{"line":132,"column":4},"end":{"line":132,"column":null}},"55":{"start":{"line":133,"column":4},"end":{"line":136,"column":null}},"56":{"start":{"line":140,"column":19},"end":{"line":149,"column":null}},"57":{"start":{"line":141,"column":2},"end":{"line":141,"column":null}},"58":{"start":{"line":141,"column":19},"end":{"line":141,"column":null}},"59":{"start":{"line":142,"column":15},"end":{"line":142,"column":null}},"60":{"start":{"line":143,"column":2},"end":{"line":143,"column":null}},"61":{"start":{"line":143,"column":29},"end":{"line":143,"column":null}},"62":{"start":{"line":144,"column":2},"end":{"line":148,"column":null}},"63":{"start":{"line":152,"column":2},"end":{"line":176,"column":null}},"64":{"start":{"line":153,"column":21},"end":{"line":153,"column":null}},"65":{"start":{"line":154,"column":4},"end":{"line":154,"column":null}},"66":{"start":{"line":157,"column":4},"end":{"line":160,"column":null}},"67":{"start":{"line":158,"column":6},"end":{"line":158,"column":null}},"68":{"start":{"line":159,"column":6},"end":{"line":159,"column":null}},"69":{"start":{"line":162,"column":20},"end":{"line":162,"column":null}},"70":{"start":{"line":164,"column":4},"end":{"line":167,"column":null}},"71":{"start":{"line":165,"column":6},"end":{"line":165,"column":null}},"72":{"start":{"line":166,"column":6},"end":{"line":166,"column":null}},"73":{"start":{"line":169,"column":4},"end":{"line":169,"column":null}},"74":{"start":{"line":171,"column":4},"end":{"line":171,"column":null}},"75":{"start":{"line":172,"column":4},"end":{"line":172,"column":null}},"76":{"start":{"line":175,"column":4},"end":{"line":175,"column":null}},"77":{"start":{"line":179,"column":19},"end":{"line":179,"column":null}},"78":{"start":{"line":180,"column":18},"end":{"line":180,"column":null}},"79":{"start":{"line":183,"column":2},"end":{"line":185,"column":null}},"80":{"start":{"line":184,"column":4},"end":{"line":184,"column":null}}},"fnMap":{"0":{"name":"getEpisode","decl":{"start":{"line":20,"column":15},"end":{"line":20,"column":26}},"loc":{"start":{"line":20,"column":38},"end":{"line":109,"column":null}}},"1":{"name":"(anonymous_5)","decl":{"start":{"line":70,"column":34},"end":{"line":70,"column":35}},"loc":{"start":{"line":70,"column":58},"end":{"line":70,"column":null}}},"2":{"name":"(anonymous_6)","decl":{"start":{"line":79,"column":30},"end":{"line":79,"column":31}},"loc":{"start":{"line":80,"column":8},"end":{"line":83,"column":null}}},"3":{"name":"(anonymous_7)","decl":{"start":{"line":92,"column":57},"end":{"line":92,"column":58}},"loc":{"start":{"line":92,"column":81},"end":{"line":92,"column":88}}},"4":{"name":"generateMetadata","decl":{"start":{"line":111,"column":22},"end":{"line":111,"column":39}},"loc":{"start":{"line":111,"column":88},"end":{"line":138,"column":null}}},"5":{"name":"(anonymous_9)","decl":{"start":{"line":140,"column":19},"end":{"line":140,"column":20}},"loc":{"start":{"line":140,"column":20},"end":{"line":149,"column":null}}},"6":{"name":"EpisodePage","decl":{"start":{"line":151,"column":30},"end":{"line":151,"column":42}},"loc":{"start":{"line":151,"column":91},"end":{"line":314,"column":null}}}},"branchMap":{"0":{"loc":{"start":{"line":22,"column":17},"end":{"line":22,"column":null}},"type":"binary-expr","locations":[{"start":{"line":22,"column":17},"end":{"line":22,"column":48}},{"start":{"line":22,"column":52},"end":{"line":22,"column":null}}]},"1":{"loc":{"start":{"line":25,"column":2},"end":{"line":28,"column":null}},"type":"if","locations":[{"start":{"line":25,"column":2},"end":{"line":28,"column":null}}]},"2":{"loc":{"start":{"line":25,"column":6},"end":{"line":25,"column":41}},"type":"binary-expr","locations":[{"start":{"line":25,"column":6},"end":{"line":25,"column":15}},{"start":{"line":25,"column":15},"end":{"line":25,"column":41}}]},"3":{"loc":{"start":{"line":44,"column":4},"end":{"line":48,"column":null}},"type":"if","locations":[{"start":{"line":44,"column":4},"end":{"line":48,"column":null}}]},"4":{"loc":{"start":{"line":63,"column":4},"end":{"line":95,"column":null}},"type":"if","locations":[{"start":{"line":63,"column":4},"end":{"line":95,"column":null}},{"start":{"line":93,"column":11},"end":{"line":95,"column":null}}]},"5":{"loc":{"start":{"line":65,"column":23},"end":{"line":65,"column":null}},"type":"binary-expr","locations":[{"start":{"line":65,"column":23},"end":{"line":65,"column":35}},{"start":{"line":65,"column":39},"end":{"line":65,"column":null}}]},"6":{"loc":{"start":{"line":72,"column":6},"end":{"line":75,"column":null}},"type":"if","locations":[{"start":{"line":72,"column":6},"end":{"line":75,"column":null}}]},"7":{"loc":{"start":{"line":80,"column":8},"end":{"line":83,"column":null}},"type":"binary-expr","locations":[{"start":{"line":80,"column":8},"end":{"line":80,"column":null}},{"start":{"line":81,"column":8},"end":{"line":81,"column":42}},{"start":{"line":82,"column":8},"end":{"line":82,"column":null}},{"start":{"line":83,"column":8},"end":{"line":83,"column":null}}]},"8":{"loc":{"start":{"line":86,"column":6},"end":{"line":89,"column":null}},"type":"if","locations":[{"start":{"line":86,"column":6},"end":{"line":89,"column":null}}]},"9":{"loc":{"start":{"line":103,"column":13},"end":{"line":103,"column":null}},"type":"cond-expr","locations":[{"start":{"line":103,"column":38},"end":{"line":103,"column":51}},{"start":{"line":103,"column":54},"end":{"line":103,"column":null}}]},"10":{"loc":{"start":{"line":118,"column":4},"end":{"line":124,"column":null}},"type":"if","locations":[{"start":{"line":118,"column":4},"end":{"line":124,"column":null}}]},"11":{"loc":{"start":{"line":129,"column":19},"end":{"line":129,"column":null}},"type":"binary-expr","locations":[{"start":{"line":129,"column":19},"end":{"line":129,"column":38}},{"start":{"line":129,"column":42},"end":{"line":129,"column":null}}]},"12":{"loc":{"start":{"line":141,"column":2},"end":{"line":141,"column":null}},"type":"if","locations":[{"start":{"line":141,"column":2},"end":{"line":141,"column":null}}]},"13":{"loc":{"start":{"line":143,"column":2},"end":{"line":143,"column":null}},"type":"if","locations":[{"start":{"line":143,"column":2},"end":{"line":143,"column":null}}]},"14":{"loc":{"start":{"line":157,"column":4},"end":{"line":160,"column":null}},"type":"if","locations":[{"start":{"line":157,"column":4},"end":{"line":160,"column":null}}]},"15":{"loc":{"start":{"line":157,"column":8},"end":{"line":157,"column":43}},"type":"binary-expr","locations":[{"start":{"line":157,"column":8},"end":{"line":157,"column":17}},{"start":{"line":157,"column":17},"end":{"line":157,"column":43}}]},"16":{"loc":{"start":{"line":164,"column":4},"end":{"line":167,"column":null}},"type":"if","locations":[{"start":{"line":164,"column":4},"end":{"line":167,"column":null}}]},"17":{"loc":{"start":{"line":172,"column":40},"end":{"line":172,"column":null}},"type":"cond-expr","locations":[{"start":{"line":172,"column":65},"end":{"line":172,"column":76}},{"start":{"line":172,"column":79},"end":{"line":172,"column":null}}]},"18":{"loc":{"start":{"line":183,"column":2},"end":{"line":185,"column":null}},"type":"if","locations":[{"start":{"line":183,"column":2},"end":{"line":185,"column":null}}]},"19":{"loc":{"start":{"line":213,"column":16},"end":{"line":220,"column":null}},"type":"cond-expr","locations":[{"start":{"line":214,"column":17},"end":{"line":220,"column":null}},{"start":{"line":220,"column":19},"end":{"line":220,"column":null}}]},"20":{"loc":{"start":{"line":213,"column":16},"end":{"line":213,"column":null}},"type":"binary-expr","locations":[{"start":{"line":213,"column":16},"end":{"line":213,"column":39}},{"start":{"line":213,"column":43},"end":{"line":213,"column":null}}]},"21":{"loc":{"start":{"line":223,"column":17},"end":{"line":223,"column":41}},"type":"binary-expr","locations":[{"start":{"line":223,"column":17},"end":{"line":223,"column":41}},{"start":{"line":223,"column":45},"end":{"line":223,"column":78}}]},"22":{"loc":{"start":{"line":237,"column":17},"end":{"line":237,"column":34}},"type":"binary-expr","locations":[{"start":{"line":237,"column":17},"end":{"line":237,"column":34}}]},"23":{"loc":{"start":{"line":251,"column":17},"end":{"line":251,"column":36}},"type":"binary-expr","locations":[{"start":{"line":251,"column":17},"end":{"line":251,"column":36}}]},"24":{"loc":{"start":{"line":265,"column":17},"end":{"line":265,"column":36}},"type":"binary-expr","locations":[{"start":{"line":265,"column":17},"end":{"line":265,"column":36}}]},"25":{"loc":{"start":{"line":285,"column":16},"end":{"line":291,"column":17}},"type":"cond-expr","locations":[{"start":{"line":285,"column":16},"end":{"line":291,"column":17}}]}},"s":{"0":0,"1":0,"2":0,"3":0,"4":0,"5":0,"6":0,"7":0,"8":0,"9":0,"10":0,"11":0,"12":0,"13":0,"14":0,"15":0,"16":0,"17":0,"18":0,"19":0,"20":0,"21":0,"22":0,"23":0,"24":0,"25":0,"26":0,"27":0,"28":0,"29":0,"30":0,"31":0,"32":0,"33":0,"34":0,"35":0,"36":0,"37":0,"38":0,"39":0,"40":0,"41":0,"42":0,"43":0,"44":0,"45":0,"46":0,"47":0,"48":0,"49":0,"50":0,"51":0,"52":0,"53":0,"54":0,"55":0,"56":0,"57":0,"58":0,"59":0,"60":0,"61":0,"62":0,"63":0,"64":0,"65":0,"66":0,"67":0,"68":0,"69":0,"70":0,"71":0,"72":0,"73":0,"74":0,"75":0,"76":0,"77":0,"78":0,"79":0,"80":0},"f":{"0":0,"1":0,"2":0,"3":0,"4":0,"5":0,"6":0},"b":{"0":[0,0],"1":[0],"2":[0,0],"3":[0],"4":[0,0],"5":[0,0],"6":[0],"7":[0,0,0,0],"8":[0],"9":[0,0],"10":[0],"11":[0,0],"12":[0],"13":[0],"14":[0],"15":[0,0],"16":[0],"17":[0,0],"18":[0],"19":[0,0],"20":[0,0],"21":[0,0],"22":[0],"23":[0],"24":[0],"25":[0]}}
,"/Users/gcaracas/git/thehybridprotocol/frontend/src/components/AboutSection.tsx": {"path":"/Users/gcaracas/git/thehybridprotocol/frontend/src/components/AboutSection.tsx","statementMap":{"0":{"start":{"line":6,"column":16},"end":{"line":6,"column":null}},"1":{"start":{"line":117,"column":0},"end":{"line":117,"column":15}},"2":{"start":{"line":3,"column":18},"end":{"line":3,"column":null}},"3":{"start":{"line":4,"column":29},"end":{"line":4,"column":null}},"4":{"start":{"line":103,"column":20},"end":{"line":103,"column":null}},"5":{"start":{"line":117,"column":15},"end":{"line":117,"column":null}}},"fnMap":{"0":{"name":"AboutSection","decl":{"start":{"line":6,"column":16},"end":{"line":6,"column":null}},"loc":{"start":{"line":6,"column":16},"end":{"line":115,"column":null}}},"1":{"name":"(anonymous_5)","decl":{"start":{"line":101,"column":27},"end":{"line":101,"column":null}},"loc":{"start":{"line":101,"column":27},"end":{"line":104,"column":null}}}},"branchMap":{},"s":{"0":0,"1":0,"2":0,"3":0,"4":0,"5":0},"f":{"0":0,"1":0},"b":{}}
,"/Users/gcaracas/git/thehybridprotocol/frontend/src/components/FooterNew.tsx": {"path":"/Users/gcaracas/git/thehybridprotocol/frontend/src/components/FooterNew.tsx","statementMap":{"0":{"start":{"line":60,"column":16},"end":{"line":60,"column":null}},"1":{"start":{"line":204,"column":0},"end":{"line":204,"column":15}},"2":{"start":{"line":3,"column":17},"end":{"line":3,"column":null}},"3":{"start":{"line":4,"column":27},"end":{"line":4,"column":null}},"4":{"start":{"line":5,"column":29},"end":{"line":5,"column":null}},"5":{"start":{"line":7,"column":14},"end":{"line":35,"column":null}},"6":{"start":{"line":37,"column":21},"end":{"line":58,"column":null}},"7":{"start":{"line":61,"column":22},"end":{"line":61,"column":null}},"8":{"start":{"line":63,"column":26},"end":{"line":68,"column":null}},"9":{"start":{"line":64,"column":20},"end":{"line":64,"column":null}},"10":{"start":{"line":65,"column":4},"end":{"line":67,"column":null}},"11":{"start":{"line":66,"column":6},"end":{"line":66,"column":null}},"12":{"start":{"line":95,"column":16},"end":{"line":96,"column":null}},"13":{"start":{"line":111,"column":12},"end":{"line":111,"column":null}},"14":{"start":{"line":120,"column":18},"end":{"line":121,"column":null}},"15":{"start":{"line":127,"column":39},"end":{"line":127,"column":null}},"16":{"start":{"line":158,"column":29},"end":{"line":158,"column":null}},"17":{"start":{"line":204,"column":15},"end":{"line":204,"column":null}}},"fnMap":{"0":{"name":"FooterNew","decl":{"start":{"line":60,"column":16},"end":{"line":60,"column":null}},"loc":{"start":{"line":60,"column":16},"end":{"line":202,"column":null}}},"1":{"name":"(anonymous_5)","decl":{"start":{"line":63,"column":26},"end":{"line":63,"column":27}},"loc":{"start":{"line":63,"column":27},"end":{"line":68,"column":null}}},"2":{"name":"(anonymous_6)","decl":{"start":{"line":94,"column":32},"end":{"line":94,"column":33}},"loc":{"start":{"line":95,"column":16},"end":{"line":96,"column":null}}},"3":{"name":"(anonymous_7)","decl":{"start":{"line":110,"column":21},"end":{"line":110,"column":22}},"loc":{"start":{"line":111,"column":12},"end":{"line":111,"column":null}}},"4":{"name":"(anonymous_8)","decl":{"start":{"line":119,"column":27},"end":{"line":119,"column":28}},"loc":{"start":{"line":120,"column":18},"end":{"line":121,"column":null}}},"5":{"name":"(anonymous_9)","decl":{"start":{"line":127,"column":33},"end":{"line":127,"column":39}},"loc":{"start":{"line":127,"column":39},"end":{"line":127,"column":null}}},"6":{"name":"(anonymous_10)","decl":{"start":{"line":158,"column":23},"end":{"line":158,"column":29}},"loc":{"start":{"line":158,"column":29},"end":{"line":158,"column":null}}}},"branchMap":{"0":{"loc":{"start":{"line":65,"column":4},"end":{"line":67,"column":null}},"type":"if","locations":[{"start":{"line":65,"column":4},"end":{"line":67,"column":null}}]},"1":{"loc":{"start":{"line":126,"column":22},"end":{"line":133,"column":23}},"type":"cond-expr","locations":[{"start":{"line":126,"column":22},"end":{"line":133,"column":23}}]}},"s":{"0":0,"1":0,"2":0,"3":0,"4":0,"5":0,"6":0,"7":0,"8":0,"9":0,"10":0,"11":0,"12":0,"13":0,"14":0,"15":0,"16":0,"17":0},"f":{"0":0,"1":0,"2":0,"3":0,"4":0,"5":0,"6":0},"b":{"0":[0],"1":[0]}}
,"/Users/gcaracas/git/thehybridprotocol/frontend/src/components/HealingPlateSection.tsx": {"path":"/Users/gcaracas/git/thehybridprotocol/frontend/src/components/HealingPlateSection.tsx","statementMap":{"0":{"start":{"line":6,"column":16},"end":{"line":6,"column":null}},"1":{"start":{"line":72,"column":0},"end":{"line":72,"column":15}},"2":{"start":{"line":3,"column":18},"end":{"line":3,"column":null}},"3":{"start":{"line":4,"column":27},"end":{"line":4,"column":null}},"4":{"start":{"line":72,"column":15},"end":{"line":72,"column":null}}},"fnMap":{"0":{"name":"HealingPlateSection","decl":{"start":{"line":6,"column":16},"end":{"line":6,"column":null}},"loc":{"start":{"line":6,"column":16},"end":{"line":70,"column":null}}}},"branchMap":{},"s":{"0":0,"1":0,"2":0,"3":0,"4":0},"f":{"0":0},"b":{}}
,"/Users/gcaracas/git/thehybridprotocol/frontend/src/components/HeroSection.tsx": {"path":"/Users/gcaracas/git/thehybridprotocol/frontend/src/components/HeroSection.tsx","statementMap":{"0":{"start":{"line":6,"column":16},"end":{"line":6,"column":null}},"1":{"start":{"line":69,"column":0},"end":{"line":69,"column":15}},"2":{"start":{"line":3,"column":18},"end":{"line":3,"column":null}},"3":{"start":{"line":4,"column":35},"end":{"line":4,"column":null}},"4":{"start":{"line":40,"column":18},"end":{"line":40,"column":null}},"5":{"start":{"line":69,"column":15},"end":{"line":69,"column":null}}},"fnMap":{"0":{"name":"HeroSection","decl":{"start":{"line":6,"column":16},"end":{"line":6,"column":null}},"loc":{"start":{"line":6,"column":16},"end":{"line":67,"column":null}}},"1":{"name":"(anonymous_5)","decl":{"start":{"line":38,"column":25},"end":{"line":38,"column":null}},"loc":{"start":{"line":38,"column":25},"end":{"line":41,"column":null}}}},"branchMap":{},"s":{"0":0,"1":0,"2":0,"3":0,"4":0,"5":0},"f":{"0":0,"1":0},"b":{}}
,"/Users/gcaracas/git/thehybridprotocol/frontend/src/components/Navigation.tsx": {"path":"/Users/gcaracas/git/thehybridprotocol/frontend/src/components/Navigation.tsx","statementMap":{"0":{"start":{"line":6,"column":24},"end":{"line":6,"column":null}},"1":{"start":{"line":3,"column":25},"end":{"line":3,"column":null}},"2":{"start":{"line":4,"column":17},"end":{"line":4,"column":null}},"3":{"start":{"line":7,"column":38},"end":{"line":7,"column":null}},"4":{"start":{"line":9,"column":21},"end":{"line":11,"column":null}},"5":{"start":{"line":10,"column":4},"end":{"line":10,"column":null}}},"fnMap":{"0":{"name":"Navigation","decl":{"start":{"line":6,"column":24},"end":{"line":6,"column":null}},"loc":{"start":{"line":6,"column":24},"end":{"line":123,"column":null}}},"1":{"name":"(anonymous_3)","decl":{"start":{"line":9,"column":21},"end":{"line":9,"column":null}},"loc":{"start":{"line":9,"column":21},"end":{"line":11,"column":null}}}},"branchMap":{"0":{"loc":{"start":{"line":66,"column":18},"end":{"line":73,"column":19}},"type":"cond-expr","locations":[{"start":{"line":66,"column":18},"end":{"line":73,"column":19}}]},"1":{"loc":{"start":{"line":86,"column":9},"end":{"line":86,"column":null}},"type":"binary-expr","locations":[{"start":{"line":86,"column":9},"end":{"line":86,"column":null}}]}},"s":{"0":0,"1":0,"2":0,"3":0,"4":0,"5":0},"f":{"0":0,"1":0},"b":{"0":[0],"1":[0]}}
,"/Users/gcaracas/git/thehybridprotocol/frontend/src/components/NavigationNew.tsx": {"path":"/Users/gcaracas/git/thehybridprotocol/frontend/src/components/NavigationNew.tsx","statementMap":{"0":{"start":{"line":7,"column":16},"end":{"line":7,"column":null}},"1":{"start":{"line":161,"column":0},"end":{"line":161,"column":15}},"2":{"start":{"line":3,"column":25},"end":{"line":3,"column":null}},"3":{"start":{"line":4,"column":17},"end":{"line":4,"column":null}},"4":{"start":{"line":5,"column":28},"end":{"line":5,"column":null}},"5":{"start":{"line":8,"column":38},"end":{"line":8,"column":null}},"6":{"start":{"line":9,"column":42},"end":{"line":9,"column":null}},"7":{"start":{"line":10,"column":19},"end":{"line":10,"column":null}},"8":{"start":{"line":12,"column":26},"end":{"line":18,"column":null}},"9":{"start":{"line":13,"column":20},"end":{"line":13,"column":null}},"10":{"start":{"line":14,"column":4},"end":{"line":16,"column":null}},"11":{"start":{"line":15,"column":6},"end":{"line":15,"column":null}},"12":{"start":{"line":17,"column":4},"end":{"line":17,"column":null}},"13":{"start":{"line":37,"column":27},"end":{"line":37,"column":null}},"14":{"start":{"line":64,"column":27},"end":{"line":64,"column":null}},"15":{"start":{"line":99,"column":31},"end":{"line":99,"column":null}},"16":{"start":{"line":112,"column":31},"end":{"line":112,"column":null}},"17":{"start":{"line":120,"column":31},"end":{"line":120,"column":null}},"18":{"start":{"line":129,"column":31},"end":{"line":129,"column":null}},"19":{"start":{"line":143,"column":31},"end":{"line":143,"column":null}},"20":{"start":{"line":161,"column":15},"end":{"line":161,"column":null}}},"fnMap":{"0":{"name":"NavigationNew","decl":{"start":{"line":7,"column":16},"end":{"line":7,"column":null}},"loc":{"start":{"line":7,"column":16},"end":{"line":159,"column":null}}},"1":{"name":"(anonymous_5)","decl":{"start":{"line":12,"column":26},"end":{"line":12,"column":27}},"loc":{"start":{"line":12,"column":27},"end":{"line":18,"column":null}}},"2":{"name":"(anonymous_6)","decl":{"start":{"line":37,"column":21},"end":{"line":37,"column":27}},"loc":{"start":{"line":37,"column":27},"end":{"line":37,"column":null}}},"3":{"name":"(anonymous_7)","decl":{"start":{"line":64,"column":21},"end":{"line":64,"column":27}},"loc":{"start":{"line":64,"column":27},"end":{"line":64,"column":null}}},"4":{"name":"(anonymous_8)","decl":{"start":{"line":99,"column":25},"end":{"line":99,"column":31}},"loc":{"start":{"line":99,"column":31},"end":{"line":99,"column":null}}},"5":{"name":"(anonymous_9)","decl":{"start":{"line":112,"column":25},"end":{"line":112,"column":31}},"loc":{"start":{"line":112,"column":31},"end":{"line":112,"column":null}}},"6":{"name":"(anonymous_10)","decl":{"start":{"line":120,"column":25},"end":{"line":120,"column":31}},"loc":{"start":{"line":120,"column":31},"end":{"line":120,"column":null}}},"7":{"name":"(anonymous_11)","decl":{"start":{"line":129,"column":25},"end":{"line":129,"column":31}},"loc":{"start":{"line":129,"column":31},"end":{"line":129,"column":null}}},"8":{"name":"(anonymous_12)","decl":{"start":{"line":143,"column":25},"end":{"line":143,"column":31}},"loc":{"start":{"line":143,"column":31},"end":{"line":143,"column":null}}}},"branchMap":{"0":{"loc":{"start":{"line":14,"column":4},"end":{"line":16,"column":null}},"type":"if","locations":[{"start":{"line":14,"column":4},"end":{"line":16,"column":null}}]},"1":{"loc":{"start":{"line":76,"column":92},"end":{"line":76,"column":125}},"type":"cond-expr","locations":[{"start":{"line":76,"column":105},"end":{"line":76,"column":115}},{"start":{"line":76,"column":115},"end":{"line":76,"column":125}}]},"2":{"loc":{"start":{"line":79,"column":11},"end":{"line":79,"column":null}},"type":"binary-expr","locations":[{"start":{"line":79,"column":11},"end":{"line":79,"column":null}}]},"3":{"loc":{"start":{"line":101,"column":18},"end":{"line":103,"column":null}},"type":"cond-expr","locations":[{"start":{"line":102,"column":22},"end":{"line":102,"column":null}},{"start":{"line":103,"column":22},"end":{"line":103,"column":null}}]},"4":{"loc":{"start":{"line":105,"column":30},"end":{"line":105,"column":null}},"type":"cond-expr","locations":[{"start":{"line":105,"column":49},"end":{"line":105,"column":58}},{"start":{"line":105,"column":58},"end":{"line":105,"column":null}}]},"5":{"loc":{"start":{"line":131,"column":18},"end":{"line":133,"column":null}},"type":"cond-expr","locations":[{"start":{"line":132,"column":22},"end":{"line":132,"column":null}},{"start":{"line":133,"column":22},"end":{"line":133,"column":null}}]},"6":{"loc":{"start":{"line":135,"column":30},"end":{"line":135,"column":null}},"type":"cond-expr","locations":[{"start":{"line":135,"column":56},"end":{"line":135,"column":65}},{"start":{"line":135,"column":65},"end":{"line":135,"column":null}}]},"7":{"loc":{"start":{"line":145,"column":18},"end":{"line":147,"column":null}},"type":"cond-expr","locations":[{"start":{"line":146,"column":22},"end":{"line":146,"column":null}},{"start":{"line":147,"column":22},"end":{"line":147,"column":null}}]},"8":{"loc":{"start":{"line":149,"column":30},"end":{"line":149,"column":null}},"type":"cond-expr","locations":[{"start":{"line":149,"column":60},"end":{"line":149,"column":69}},{"start":{"line":149,"column":69},"end":{"line":149,"column":null}}]}},"s":{"0":0,"1":0,"2":0,"3":0,"4":0,"5":0,"6":0,"7":0,"8":0,"9":0,"10":0,"11":0,"12":0,"13":0,"14":0,"15":0,"16":0,"17":0,"18":0,"19":0,"20":0},"f":{"0":0,"1":0,"2":0,"3":0,"4":0,"5":0,"6":0,"7":0,"8":0},"b":{"0":[0],"1":[0,0],"2":[0],"3":[0,0],"4":[0,0],"5":[0,0],"6":[0,0],"7":[0,0],"8":[0,0]}}
,"/Users/gcaracas/git/thehybridprotocol/frontend/src/components/NewsletterFooter.tsx": {"path":"/Users/gcaracas/git/thehybridprotocol/frontend/src/components/NewsletterFooter.tsx","statementMap":{"0":{"start":{"line":5,"column":16},"end":{"line":5,"column":null}},"1":{"start":{"line":35,"column":0},"end":{"line":35,"column":15}},"2":{"start":{"line":3,"column":27},"end":{"line":3,"column":null}},"3":{"start":{"line":35,"column":15},"end":{"line":35,"column":null}}},"fnMap":{"0":{"name":"NewsletterFooter","decl":{"start":{"line":5,"column":16},"end":{"line":5,"column":null}},"loc":{"start":{"line":5,"column":16},"end":{"line":33,"column":null}}}},"branchMap":{},"s":{"0":0,"1":0,"2":0,"3":0},"f":{"0":0},"b":{}}
,"/Users/gcaracas/git/thehybridprotocol/frontend/src/components/NewsletterSignup.tsx": {"path":"/Users/gcaracas/git/thehybridprotocol/frontend/src/components/NewsletterSignup.tsx","statementMap":{"0":{"start":{"line":11,"column":24},"end":{"line":11,"column":41}},"1":{"start":{"line":3,"column":44},"end":{"line":3,"column":null}},"2":{"start":{"line":16,"column":28},"end":{"line":16,"column":null}},"3":{"start":{"line":17,"column":36},"end":{"line":17,"column":null}},"4":{"start":{"line":18,"column":34},"end":{"line":18,"column":null}},"5":{"start":{"line":19,"column":42},"end":{"line":19,"column":null}},"6":{"start":{"line":20,"column":32},"end":{"line":20,"column":null}},"7":{"start":{"line":21,"column":36},"end":{"line":21,"column":null}},"8":{"start":{"line":22,"column":24},"end":{"line":22,"column":null}},"9":{"start":{"line":24,"column":2},"end":{"line":26,"column":null}},"10":{"start":{"line":25,"column":4},"end":{"line":25,"column":null}},"11":{"start":{"line":28,"column":23},"end":{"line":64,"column":null}},"12":{"start":{"line":29,"column":4},"end":{"line":29,"column":null}},"13":{"start":{"line":30,"column":4},"end":{"line":30,"column":null}},"14":{"start":{"line":31,"column":4},"end":{"line":31,"column":null}},"15":{"start":{"line":33,"column":4},"end":{"line":63,"column":null}},"16":{"start":{"line":34,"column":23},"end":{"line":45,"column":null}},"17":{"start":{"line":47,"column":6},"end":{"line":57,"column":null}},"18":{"start":{"line":48,"column":8},"end":{"line":48,"column":null}},"19":{"start":{"line":49,"column":8},"end":{"line":49,"column":null}},"20":{"start":{"line":50,"column":8},"end":{"line":50,"column":null}},"21":{"start":{"line":51,"column":8},"end":{"line":51,"column":null}},"22":{"start":{"line":52,"column":8},"end":{"line":52,"column":null}},"23":{"start":{"line":54,"column":26},"end":{"line":54,"column":null}},"24":{"start":{"line":55,"column":8},"end":{"line":55,"column":null}},"25":{"start":{"line":56,"column":8},"end":{"line":56,"column":null}},"26":{"start":{"line":59,"column":6},"end":{"line":59,"column":null}},"27":{"start":{"line":60,"column":6},"end":{"line":60,"column":null}},"28":{"start":{"line":62,"column":6},"end":{"line":62,"column":null}},"29":{"start":{"line":66,"column":2},"end":{"line":129,"column":null}},"30":{"start":{"line":86,"column":35},"end":{"line":86,"column":null}},"31":{"start":{"line":94,"column":35},"end":{"line":94,"column":null}},"32":{"start":{"line":104,"column":33},"end":{"line":104,"column":null}},"33":{"start":{"line":144,"column":29},"end":{"line":144,"column":null}},"34":{"start":{"line":152,"column":29},"end":{"line":152,"column":null}},"35":{"start":{"line":162,"column":27},"end":{"line":162,"column":null}}},"fnMap":{"0":{"name":"NewsletterSignup","decl":{"start":{"line":11,"column":24},"end":{"line":11,"column":41}},"loc":{"start":{"line":15,"column":24},"end":{"line":185,"column":null}}},"1":{"name":"(anonymous_2)","decl":{"start":{"line":24,"column":12},"end":{"line":24,"column":null}},"loc":{"start":{"line":24,"column":12},"end":{"line":26,"column":5}}},"2":{"name":"(anonymous_3)","decl":{"start":{"line":28,"column":23},"end":{"line":28,"column":30}},"loc":{"start":{"line":28,"column":30},"end":{"line":64,"column":null}}},"3":{"name":"(anonymous_4)","decl":{"start":{"line":86,"column":28},"end":{"line":86,"column":29}},"loc":{"start":{"line":86,"column":35},"end":{"line":86,"column":null}}},"4":{"name":"(anonymous_5)","decl":{"start":{"line":94,"column":28},"end":{"line":94,"column":29}},"loc":{"start":{"line":94,"column":35},"end":{"line":94,"column":null}}},"5":{"name":"(anonymous_6)","decl":{"start":{"line":104,"column":26},"end":{"line":104,"column":27}},"loc":{"start":{"line":104,"column":33},"end":{"line":104,"column":null}}},"6":{"name":"(anonymous_7)","decl":{"start":{"line":144,"column":22},"end":{"line":144,"column":23}},"loc":{"start":{"line":144,"column":29},"end":{"line":144,"column":null}}},"7":{"name":"(anonymous_8)","decl":{"start":{"line":152,"column":22},"end":{"line":152,"column":23}},"loc":{"start":{"line":152,"column":29},"end":{"line":152,"column":null}}},"8":{"name":"(anonymous_9)","decl":{"start":{"line":162,"column":20},"end":{"line":162,"column":21}},"loc":{"start":{"line":162,"column":27},"end":{"line":162,"column":null}}}},"branchMap":{"0":{"loc":{"start":{"line":12,"column":2},"end":{"line":12,"column":20}},"type":"default-arg","locations":[{"start":{"line":12,"column":12},"end":{"line":12,"column":20}}]},"1":{"loc":{"start":{"line":13,"column":2},"end":{"line":13,"column":16}},"type":"default-arg","locations":[{"start":{"line":13,"column":14},"end":{"line":13,"column":16}}]},"2":{"loc":{"start":{"line":47,"column":6},"end":{"line":57,"column":null}},"type":"if","locations":[{"start":{"line":47,"column":6},"end":{"line":57,"column":null}},{"start":{"line":53,"column":13},"end":{"line":57,"column":null}}]},"3":{"loc":{"start":{"line":55,"column":19},"end":{"line":55,"column":null}},"type":"binary-expr","locations":[{"start":{"line":55,"column":19},"end":{"line":55,"column":39}},{"start":{"line":55,"column":43},"end":{"line":55,"column":null}}]},"4":{"loc":{"start":{"line":66,"column":2},"end":{"line":129,"column":null}},"type":"if","locations":[{"start":{"line":66,"column":2},"end":{"line":129,"column":null}}]},"5":{"loc":{"start":{"line":114,"column":17},"end":{"line":114,"column":null}},"type":"cond-expr","locations":[{"start":{"line":114,"column":32},"end":{"line":114,"column":51}},{"start":{"line":114,"column":51},"end":{"line":114,"column":null}}]},"6":{"loc":{"start":{"line":118,"column":13},"end":{"line":118,"column":null}},"type":"binary-expr","locations":[{"start":{"line":118,"column":13},"end":{"line":118,"column":null}}]},"7":{"loc":{"start":{"line":120,"column":16},"end":{"line":120,"column":null}},"type":"cond-expr","locations":[{"start":{"line":120,"column":28},"end":{"line":120,"column":59}},{"start":{"line":120,"column":59},"end":{"line":120,"column":null}}]},"8":{"loc":{"start":{"line":172,"column":11},"end":{"line":172,"column":null}},"type":"cond-expr","locations":[{"start":{"line":172,"column":26},"end":{"line":172,"column":45}},{"start":{"line":172,"column":45},"end":{"line":172,"column":null}}]},"9":{"loc":{"start":{"line":176,"column":7},"end":{"line":176,"column":null}},"type":"binary-expr","locations":[{"start":{"line":176,"column":7},"end":{"line":176,"column":null}}]},"10":{"loc":{"start":{"line":178,"column":10},"end":{"line":178,"column":null}},"type":"cond-expr","locations":[{"start":{"line":178,"column":22},"end":{"line":178,"column":53}},{"start":{"line":178,"column":53},"end":{"line":178,"column":null}}]}},"s":{"0":18,"1":1,"2":303,"3":303,"4":303,"5":303,"6":303,"7":303,"8":303,"9":303,"10":18,"11":303,"12":13,"13":13,"14":13,"15":13,"16":13,"17":12,"18":9,"19":9,"20":9,"21":9,"22":9,"23":3,"24":1,"25":1,"26":3,"27":3,"28":13,"29":303,"30":0,"31":0,"32":0,"33":24,"34":6,"35":229},"f":{"0":303,"1":18,"2":13,"3":0,"4":0,"5":0,"6":24,"7":6,"8":229},"b":{"0":[303],"1":[303],"2":[9,3],"3":[1,0],"4":[0],"5":[0,0],"6":[0],"7":[0,0],"8":[13,290],"9":[303],"10":[9,4]}}
,"/Users/gcaracas/git/thehybridprotocol/frontend/src/components/NewsletterSignupNew.tsx": {"path":"/Users/gcaracas/git/thehybridprotocol/frontend/src/components/NewsletterSignupNew.tsx","statementMap":{"0":{"start":{"line":13,"column":16},"end":{"line":13,"column":null}},"1":{"start":{"line":266,"column":0},"end":{"line":266,"column":15}},"2":{"start":{"line":3,"column":25},"end":{"line":3,"column":null}},"3":{"start":{"line":4,"column":18},"end":{"line":4,"column":null}},"4":{"start":{"line":5,"column":42},"end":{"line":5,"column":null}},"5":{"start":{"line":11,"column":7},"end":{"line":11,"column":null}},"6":{"start":{"line":14,"column":28},"end":{"line":14,"column":null}},"7":{"start":{"line":15,"column":36},"end":{"line":15,"column":null}},"8":{"start":{"line":16,"column":34},"end":{"line":16,"column":null}},"9":{"start":{"line":17,"column":42},"end":{"line":17,"column":null}},"10":{"start":{"line":18,"column":36},"end":{"line":18,"column":null}},"11":{"start":{"line":19,"column":28},"end":{"line":19,"column":null}},"12":{"start":{"line":21,"column":23},"end":{"line":59,"column":null}},"13":{"start":{"line":22,"column":4},"end":{"line":22,"column":null}},"14":{"start":{"line":23,"column":4},"end":{"line":23,"column":null}},"15":{"start":{"line":24,"column":4},"end":{"line":24,"column":null}},"16":{"start":{"line":26,"column":4},"end":{"line":58,"column":null}},"17":{"start":{"line":27,"column":21},"end":{"line":27,"column":null}},"18":{"start":{"line":28,"column":23},"end":{"line":39,"column":null}},"19":{"start":{"line":41,"column":6},"end":{"line":53,"column":null}},"20":{"start":{"line":42,"column":8},"end":{"line":42,"column":null}},"21":{"start":{"line":43,"column":8},"end":{"line":43,"column":null}},"22":{"start":{"line":44,"column":8},"end":{"line":44,"column":null}},"23":{"start":{"line":45,"column":8},"end":{"line":45,"column":null}},"24":{"start":{"line":47,"column":21},"end":{"line":47,"column":null}},"25":{"start":{"line":48,"column":8},"end":{"line":52,"column":null}},"26":{"start":{"line":49,"column":10},"end":{"line":49,"column":null}},"27":{"start":{"line":51,"column":10},"end":{"line":51,"column":null}},"28":{"start":{"line":55,"column":6},"end":{"line":55,"column":null}},"29":{"start":{"line":57,"column":6},"end":{"line":57,"column":null}},"30":{"start":{"line":61,"column":2},"end":{"line":89,"column":null}},"31":{"start":{"line":184,"column":41},"end":{"line":184,"column":null}},"32":{"start":{"line":199,"column":41},"end":{"line":199,"column":null}},"33":{"start":{"line":216,"column":39},"end":{"line":216,"column":null}},"34":{"start":{"line":266,"column":15},"end":{"line":266,"column":null}}},"fnMap":{"0":{"name":"NewsletterSignupNew","decl":{"start":{"line":13,"column":16},"end":{"line":13,"column":null}},"loc":{"start":{"line":13,"column":16},"end":{"line":264,"column":null}}},"1":{"name":"(anonymous_5)","decl":{"start":{"line":21,"column":23},"end":{"line":21,"column":30}},"loc":{"start":{"line":21,"column":30},"end":{"line":59,"column":null}}},"2":{"name":"(anonymous_6)","decl":{"start":{"line":184,"column":34},"end":{"line":184,"column":35}},"loc":{"start":{"line":184,"column":41},"end":{"line":184,"column":null}}},"3":{"name":"(anonymous_7)","decl":{"start":{"line":199,"column":34},"end":{"line":199,"column":35}},"loc":{"start":{"line":199,"column":41},"end":{"line":199,"column":null}}},"4":{"name":"(anonymous_8)","decl":{"start":{"line":216,"column":32},"end":{"line":216,"column":33}},"loc":{"start":{"line":216,"column":39},"end":{"line":216,"column":null}}}},"branchMap":{"0":{"loc":{"start":{"line":27,"column":21},"end":{"line":27,"column":null}},"type":"binary-expr","locations":[{"start":{"line":27,"column":21},"end":{"line":27,"column":52}},{"start":{"line":27,"column":56},"end":{"line":27,"column":null}}]},"1":{"loc":{"start":{"line":41,"column":6},"end":{"line":53,"column":null}},"type":"if","locations":[{"start":{"line":41,"column":6},"end":{"line":53,"column":null}},{"start":{"line":46,"column":13},"end":{"line":53,"column":null}}]},"2":{"loc":{"start":{"line":48,"column":8},"end":{"line":52,"column":null}},"type":"if","locations":[{"start":{"line":48,"column":8},"end":{"line":52,"column":null}},{"start":{"line":50,"column":15},"end":{"line":52,"column":null}}]},"3":{"loc":{"start":{"line":48,"column":12},"end":{"line":48,"column":65}},"type":"binary-expr","locations":[{"start":{"line":48,"column":12},"end":{"line":48,"column":22}},{"start":{"line":48,"column":26},"end":{"line":48,"column":65}}]},"4":{"loc":{"start":{"line":61,"column":2},"end":{"line":89,"column":null}},"type":"if","locations":[{"start":{"line":61,"column":2},"end":{"line":89,"column":null}}]},"5":{"loc":{"start":{"line":228,"column":19},"end":{"line":228,"column":null}},"type":"binary-expr","locations":[{"start":{"line":228,"column":19},"end":{"line":228,"column":null}}]},"6":{"loc":{"start":{"line":238,"column":30},"end":{"line":238,"column":null}},"type":"binary-expr","locations":[{"start":{"line":238,"column":30},"end":{"line":238,"column":46}},{"start":{"line":238,"column":46},"end":{"line":238,"column":63}},{"start":{"line":238,"column":63},"end":{"line":238,"column":84}},{"start":{"line":238,"column":84},"end":{"line":238,"column":null}}]},"7":{"loc":{"start":{"line":241,"column":21},"end":{"line":247,"column":null}},"type":"cond-expr","locations":[{"start":{"line":242,"column":22},"end":{"line":247,"column":null}},{"start":{"line":247,"column":22},"end":{"line":247,"column":null}}]}},"s":{"0":0,"1":0,"2":0,"3":0,"4":0,"5":0,"6":0,"7":0,"8":0,"9":0,"10":0,"11":0,"12":0,"13":0,"14":0,"15":0,"16":0,"17":0,"18":0,"19":0,"20":0,"21":0,"22":0,"23":0,"24":0,"25":0,"26":0,"27":0,"28":0,"29":0,"30":0,"31":0,"32":0,"33":0,"34":0},"f":{"0":0,"1":0,"2":0,"3":0,"4":0},"b":{"0":[0,0],"1":[0,0],"2":[0,0],"3":[0,0],"4":[0],"5":[0],"6":[0,0,0,0],"7":[0,0]}}
,"/Users/gcaracas/git/thehybridprotocol/frontend/src/components/PersonalIntroSection.tsx": {"path":"/Users/gcaracas/git/thehybridprotocol/frontend/src/components/PersonalIntroSection.tsx","statementMap":{"0":{"start":{"line":5,"column":16},"end":{"line":5,"column":null}},"1":{"start":{"line":56,"column":0},"end":{"line":56,"column":15}},"2":{"start":{"line":3,"column":27},"end":{"line":3,"column":null}},"3":{"start":{"line":56,"column":15},"end":{"line":56,"column":null}}},"fnMap":{"0":{"name":"PersonalIntroSection","decl":{"start":{"line":5,"column":16},"end":{"line":5,"column":null}},"loc":{"start":{"line":5,"column":16},"end":{"line":54,"column":null}}}},"branchMap":{},"s":{"0":0,"1":0,"2":0,"3":0},"f":{"0":0},"b":{}}
,"/Users/gcaracas/git/thehybridprotocol/frontend/src/components/PillarCards.tsx": {"path":"/Users/gcaracas/git/thehybridprotocol/frontend/src/components/PillarCards.tsx","statementMap":{"0":{"start":{"line":50,"column":16},"end":{"line":50,"column":null}},"1":{"start":{"line":172,"column":0},"end":{"line":172,"column":15}},"2":{"start":{"line":3,"column":43},"end":{"line":3,"column":null}},"3":{"start":{"line":9,"column":7},"end":{"line":9,"column":null}},"4":{"start":{"line":11,"column":16},"end":{"line":48,"column":null}},"5":{"start":{"line":83,"column":12},"end":{"line":84,"column":null}},"6":{"start":{"line":159,"column":18},"end":{"line":159,"column":null}},"7":{"start":{"line":172,"column":15},"end":{"line":172,"column":null}}},"fnMap":{"0":{"name":"PillarCards","decl":{"start":{"line":50,"column":16},"end":{"line":50,"column":null}},"loc":{"start":{"line":50,"column":16},"end":{"line":170,"column":null}}},"1":{"name":"(anonymous_4)","decl":{"start":{"line":82,"column":23},"end":{"line":82,"column":24}},"loc":{"start":{"line":83,"column":12},"end":{"line":84,"column":null}}},"2":{"name":"(anonymous_5)","decl":{"start":{"line":158,"column":25},"end":{"line":158,"column":null}},"loc":{"start":{"line":158,"column":25},"end":{"line":160,"column":null}}}},"branchMap":{},"s":{"0":0,"1":0,"2":0,"3":0,"4":0,"5":0,"6":0,"7":0},"f":{"0":0,"1":0,"2":0},"b":{}}
,"/Users/gcaracas/git/thehybridprotocol/frontend/src/components/PodcastGrid.tsx": {"path":"/Users/gcaracas/git/thehybridprotocol/frontend/src/components/PodcastGrid.tsx","statementMap":{"0":{"start":{"line":28,"column":24},"end":{"line":28,"column":36}},"1":{"start":{"line":3,"column":49},"end":{"line":3,"column":null}},"2":{"start":{"line":4,"column":18},"end":{"line":4,"column":null}},"3":{"start":{"line":5,"column":17},"end":{"line":5,"column":null}},"4":{"start":{"line":33,"column":34},"end":{"line":33,"column":null}},"5":{"start":{"line":34,"column":32},"end":{"line":34,"column":null}},"6":{"start":{"line":35,"column":28},"end":{"line":35,"column":null}},"7":{"start":{"line":37,"column":24},"end":{"line":54,"column":null}},"8":{"start":{"line":38,"column":4},"end":{"line":38,"column":null}},"9":{"start":{"line":39,"column":4},"end":{"line":39,"column":null}},"10":{"start":{"line":40,"column":4},"end":{"line":53,"column":null}},"11":{"start":{"line":41,"column":23},"end":{"line":41,"column":null}},"12":{"start":{"line":42,"column":6},"end":{"line":48,"column":null}},"13":{"start":{"line":43,"column":21},"end":{"line":43,"column":null}},"14":{"start":{"line":44,"column":29},"end":{"line":44,"column":80}},"15":{"start":{"line":45,"column":8},"end":{"line":45,"column":null}},"16":{"start":{"line":47,"column":8},"end":{"line":47,"column":null}},"17":{"start":{"line":50,"column":6},"end":{"line":50,"column":null}},"18":{"start":{"line":52,"column":6},"end":{"line":52,"column":null}},"19":{"start":{"line":56,"column":2},"end":{"line":58,"column":null}},"20":{"start":{"line":57,"column":4},"end":{"line":57,"column":null}},"21":{"start":{"line":60,"column":21},"end":{"line":70,"column":null}},"22":{"start":{"line":61,"column":4},"end":{"line":61,"column":null}},"23":{"start":{"line":61,"column":21},"end":{"line":61,"column":null}},"24":{"start":{"line":62,"column":17},"end":{"line":62,"column":null}},"25":{"start":{"line":64,"column":4},"end":{"line":64,"column":null}},"26":{"start":{"line":64,"column":31},"end":{"line":64,"column":null}},"27":{"start":{"line":65,"column":4},"end":{"line":69,"column":null}},"28":{"start":{"line":72,"column":2},"end":{"line":105,"column":null}},"29":{"start":{"line":82,"column":12},"end":{"line":82,"column":25}},"30":{"start":{"line":107,"column":2},"end":{"line":119,"column":null}},"31":{"start":{"line":121,"column":2},"end":{"line":128,"column":null}},"32":{"start":{"line":140,"column":10},"end":{"line":140,"column":32}},"33":{"start":{"line":152,"column":26},"end":{"line":152,"column":null}}},"fnMap":{"0":{"name":"PodcastGrid","decl":{"start":{"line":28,"column":24},"end":{"line":28,"column":36}},"loc":{"start":{"line":32,"column":19},"end":{"line":274,"column":null}}},"1":{"name":"(anonymous_3)","decl":{"start":{"line":37,"column":36},"end":{"line":37,"column":null}},"loc":{"start":{"line":37,"column":36},"end":{"line":54,"column":5}}},"2":{"name":"(anonymous_4)","decl":{"start":{"line":56,"column":12},"end":{"line":56,"column":null}},"loc":{"start":{"line":56,"column":12},"end":{"line":58,"column":5}}},"3":{"name":"(anonymous_5)","decl":{"start":{"line":60,"column":21},"end":{"line":60,"column":22}},"loc":{"start":{"line":60,"column":22},"end":{"line":70,"column":null}}},"4":{"name":"(anonymous_6)","decl":{"start":{"line":81,"column":38},"end":{"line":81,"column":39}},"loc":{"start":{"line":82,"column":12},"end":{"line":82,"column":25}}},"5":{"name":"(anonymous_7)","decl":{"start":{"line":139,"column":22},"end":{"line":139,"column":23}},"loc":{"start":{"line":140,"column":10},"end":{"line":140,"column":32}}},"6":{"name":"(anonymous_8)","decl":{"start":{"line":151,"column":32},"end":{"line":151,"column":33}},"loc":{"start":{"line":151,"column":33},"end":{"line":153,"column":null}}}},"branchMap":{"0":{"loc":{"start":{"line":30,"column":2},"end":{"line":30,"column":18}},"type":"default-arg","locations":[{"start":{"line":30,"column":14},"end":{"line":30,"column":18}}]},"1":{"loc":{"start":{"line":31,"column":2},"end":{"line":31,"column":16}},"type":"default-arg","locations":[{"start":{"line":31,"column":14},"end":{"line":31,"column":16}}]},"2":{"loc":{"start":{"line":42,"column":6},"end":{"line":48,"column":null}},"type":"if","locations":[{"start":{"line":42,"column":6},"end":{"line":48,"column":null}},{"start":{"line":46,"column":13},"end":{"line":48,"column":null}}]},"3":{"loc":{"start":{"line":44,"column":29},"end":{"line":44,"column":80}},"type":"cond-expr","locations":[{"start":{"line":44,"column":37},"end":{"line":44,"column":68}},{"start":{"line":44,"column":68},"end":{"line":44,"column":80}}]},"4":{"loc":{"start":{"line":61,"column":4},"end":{"line":61,"column":null}},"type":"if","locations":[{"start":{"line":61,"column":4},"end":{"line":61,"column":null}}]},"5":{"loc":{"start":{"line":64,"column":4},"end":{"line":64,"column":null}},"type":"if","locations":[{"start":{"line":64,"column":4},"end":{"line":64,"column":null}}]},"6":{"loc":{"start":{"line":72,"column":2},"end":{"line":105,"column":null}},"type":"if","locations":[{"start":{"line":72,"column":2},"end":{"line":105,"column":null}}]},"7":{"loc":{"start":{"line":75,"column":9},"end":{"line":75,"column":null}},"type":"binary-expr","locations":[{"start":{"line":75,"column":9},"end":{"line":75,"column":null}}]},"8":{"loc":{"start":{"line":81,"column":21},"end":{"line":81,"column":33}},"type":"binary-expr","locations":[{"start":{"line":81,"column":21},"end":{"line":81,"column":30}},{"start":{"line":81,"column":30},"end":{"line":81,"column":33}}]},"9":{"loc":{"start":{"line":107,"column":2},"end":{"line":119,"column":null}},"type":"if","locations":[{"start":{"line":107,"column":2},"end":{"line":119,"column":null}}]},"10":{"loc":{"start":{"line":121,"column":2},"end":{"line":128,"column":null}},"type":"if","locations":[{"start":{"line":121,"column":2},"end":{"line":128,"column":null}}]},"11":{"loc":{"start":{"line":132,"column":7},"end":{"line":132,"column":null}},"type":"binary-expr","locations":[{"start":{"line":132,"column":7},"end":{"line":132,"column":null}}]},"12":{"loc":{"start":{"line":145,"column":20},"end":{"line":155,"column":null}},"type":"cond-expr","locations":[{"start":{"line":146,"column":21},"end":{"line":155,"column":null}},{"start":{"line":155,"column":23},"end":{"line":155,"column":null}}]},"13":{"loc":{"start":{"line":145,"column":20},"end":{"line":145,"column":null}},"type":"binary-expr","locations":[{"start":{"line":145,"column":20},"end":{"line":145,"column":43}},{"start":{"line":145,"column":47},"end":{"line":145,"column":null}}]},"14":{"loc":{"start":{"line":158,"column":21},"end":{"line":158,"column":45}},"type":"binary-expr","locations":[{"start":{"line":158,"column":21},"end":{"line":158,"column":45}},{"start":{"line":158,"column":49},"end":{"line":158,"column":82}}]},"15":{"loc":{"start":{"line":185,"column":17},"end":{"line":185,"column":39}},"type":"binary-expr","locations":[{"start":{"line":185,"column":17},"end":{"line":185,"column":39}}]},"16":{"loc":{"start":{"line":198,"column":24},"end":{"line":198,"column":null}},"type":"binary-expr","locations":[{"start":{"line":198,"column":24},"end":{"line":198,"column":null}}]},"17":{"loc":{"start":{"line":209,"column":19},"end":{"line":209,"column":36}},"type":"binary-expr","locations":[{"start":{"line":209,"column":19},"end":{"line":209,"column":36}}]},"18":{"loc":{"start":{"line":223,"column":19},"end":{"line":223,"column":38}},"type":"binary-expr","locations":[{"start":{"line":223,"column":19},"end":{"line":223,"column":38}}]},"19":{"loc":{"start":{"line":237,"column":19},"end":{"line":237,"column":38}},"type":"binary-expr","locations":[{"start":{"line":237,"column":19},"end":{"line":237,"column":38}}]},"20":{"loc":{"start":{"line":262,"column":7},"end":{"line":262,"column":16}},"type":"binary-expr","locations":[{"start":{"line":262,"column":7},"end":{"line":262,"column":16}},{"start":{"line":262,"column":16},"end":{"line":262,"column":null}}]}},"s":{"0":20,"1":2,"2":2,"3":2,"4":39,"5":39,"6":39,"7":39,"8":21,"9":21,"10":21,"11":21,"12":19,"13":17,"14":17,"15":17,"16":2,"17":1,"18":20,"19":39,"20":20,"21":39,"22":17,"23":0,"24":17,"25":17,"26":1,"27":16,"28":39,"29":59,"30":18,"31":15,"32":17,"33":0},"f":{"0":39,"1":21,"2":20,"3":17,"4":59,"5":17,"6":0},"b":{"0":[37],"1":[38],"2":[17,2],"3":[2,15],"4":[0],"5":[1],"6":[21],"7":[21],"8":[21,19],"9":[3],"10":[1],"11":[14],"12":[11,6],"13":[17,11],"14":[17,11],"15":[17],"16":[11],"17":[17],"18":[17],"19":[17],"20":[14,2]}}
,"/Users/gcaracas/git/thehybridprotocol/frontend/src/components/PodcastSection.tsx": {"path":"/Users/gcaracas/git/thehybridprotocol/frontend/src/components/PodcastSection.tsx","statementMap":{"0":{"start":{"line":13,"column":16},"end":{"line":13,"column":null}},"1":{"start":{"line":279,"column":0},"end":{"line":279,"column":15}},"2":{"start":{"line":3,"column":18},"end":{"line":3,"column":null}},"3":{"start":{"line":4,"column":17},"end":{"line":4,"column":null}},"4":{"start":{"line":5,"column":35},"end":{"line":5,"column":null}},"5":{"start":{"line":11,"column":7},"end":{"line":11,"column":null}},"6":{"start":{"line":279,"column":15},"end":{"line":279,"column":null}}},"fnMap":{"0":{"name":"PodcastSection","decl":{"start":{"line":13,"column":16},"end":{"line":13,"column":null}},"loc":{"start":{"line":13,"column":16},"end":{"line":277,"column":null}}}},"branchMap":{},"s":{"0":0,"1":0,"2":0,"3":0,"4":0,"5":0,"6":0},"f":{"0":0},"b":{}}
,"/Users/gcaracas/git/thehybridprotocol/frontend/src/components/PodcastSectionNew.tsx": {"path":"/Users/gcaracas/git/thehybridprotocol/frontend/src/components/PodcastSectionNew.tsx","statementMap":{"0":{"start":{"line":7,"column":16},"end":{"line":7,"column":null}},"1":{"start":{"line":125,"column":0},"end":{"line":125,"column":15}},"2":{"start":{"line":3,"column":18},"end":{"line":3,"column":null}},"3":{"start":{"line":4,"column":27},"end":{"line":4,"column":null}},"4":{"start":{"line":5,"column":52},"end":{"line":5,"column":null}},"5":{"start":{"line":125,"column":15},"end":{"line":125,"column":null}}},"fnMap":{"0":{"name":"PodcastSectionNew","decl":{"start":{"line":7,"column":16},"end":{"line":7,"column":null}},"loc":{"start":{"line":7,"column":16},"end":{"line":123,"column":null}}}},"branchMap":{},"s":{"0":0,"1":0,"2":0,"3":0,"4":0,"5":0},"f":{"0":0},"b":{}}
,"/Users/gcaracas/git/thehybridprotocol/frontend/src/components/ui/Typography.tsx": {"path":"/Users/gcaracas/git/thehybridprotocol/frontend/src/components/ui/Typography.tsx","statementMap":{"0":{"start":{"line":94,"column":16},"end":{"line":94,"column":23}},"1":{"start":{"line":108,"column":16},"end":{"line":108,"column":21}},"2":{"start":{"line":117,"column":16},"end":{"line":117,"column":25}},"3":{"start":{"line":144,"column":16},"end":{"line":144,"column":25}},"4":{"start":{"line":126,"column":16},"end":{"line":126,"column":27}},"5":{"start":{"line":103,"column":16},"end":{"line":103,"column":22}},"6":{"start":{"line":135,"column":16},"end":{"line":135,"column":23}},"7":{"start":{"line":85,"column":16},"end":{"line":85,"column":27}},"8":{"start":{"line":154,"column":0},"end":{"line":154,"column":15}},"9":{"start":{"line":1,"column":18},"end":{"line":1,"column":null}},"10":{"start":{"line":11,"column":7},"end":{"line":11,"column":null}},"11":{"start":{"line":86,"column":32},"end":{"line":86,"column":44}},"12":{"start":{"line":95,"column":28},"end":{"line":95,"column":36}},"13":{"start":{"line":104,"column":27},"end":{"line":104,"column":34}},"14":{"start":{"line":109,"column":26},"end":{"line":109,"column":32}},"15":{"start":{"line":118,"column":30},"end":{"line":118,"column":40}},"16":{"start":{"line":127,"column":32},"end":{"line":127,"column":44}},"17":{"start":{"line":136,"column":28},"end":{"line":136,"column":36}},"18":{"start":{"line":145,"column":30},"end":{"line":145,"column":40}},"19":{"start":{"line":153,"column":35},"end":{"line":153,"column":null}},"20":{"start":{"line":154,"column":15},"end":{"line":154,"column":null}}},"fnMap":{"0":{"name":"Typography","decl":{"start":{"line":85,"column":16},"end":{"line":85,"column":27}},"loc":{"start":{"line":85,"column":66},"end":{"line":92,"column":null}}},"1":{"name":"Button","decl":{"start":{"line":94,"column":16},"end":{"line":94,"column":23}},"loc":{"start":{"line":94,"column":58},"end":{"line":101,"column":null}}},"2":{"name":"Input","decl":{"start":{"line":103,"column":16},"end":{"line":103,"column":22}},"loc":{"start":{"line":103,"column":39},"end":{"line":106,"column":null}}},"3":{"name":"Card","decl":{"start":{"line":108,"column":16},"end":{"line":108,"column":21}},"loc":{"start":{"line":108,"column":54},"end":{"line":115,"column":null}}},"4":{"name":"CardBody","decl":{"start":{"line":117,"column":16},"end":{"line":117,"column":25}},"loc":{"start":{"line":117,"column":62},"end":{"line":124,"column":null}}},"5":{"name":"IconButton","decl":{"start":{"line":126,"column":16},"end":{"line":126,"column":27}},"loc":{"start":{"line":126,"column":66},"end":{"line":133,"column":null}}},"6":{"name":"Navbar","decl":{"start":{"line":135,"column":16},"end":{"line":135,"column":23}},"loc":{"start":{"line":135,"column":58},"end":{"line":142,"column":null}}},"7":{"name":"Collapse","decl":{"start":{"line":144,"column":16},"end":{"line":144,"column":25}},"loc":{"start":{"line":144,"column":62},"end":{"line":151,"column":null}}}},"branchMap":{},"s":{"0":0,"1":0,"2":0,"3":0,"4":0,"5":0,"6":0,"7":0,"8":0,"9":0,"10":0,"11":0,"12":0,"13":0,"14":0,"15":0,"16":0,"17":0,"18":0,"19":0,"20":0},"f":{"0":0,"1":0,"2":0,"3":0,"4":0,"5":0,"6":0,"7":0},"b":{}}
}
