TN:
SF:src/app/page.tsx
FN:7,Home
FNF:1
FNH:0
FNDA:0,Home
DA:1,0
DA:2,0
DA:3,0
DA:4,0
DA:5,0
DA:7,0
LF:6
LH:0
BRF:0
BRH:0
end_of_record
TN:
SF:src/app/newsletters/page.tsx
FN:21,NewslettersPage
FN:26,(anonymous_3)
FN:48,(anonymous_4)
FN:52,(anonymous_5)
FN:73,(anonymous_6)
FN:132,(anonymous_7)
FNF:6
FNH:0
FNDA:0,NewslettersPage
FNDA:0,(anonymous_3)
FNDA:0,(anonymous_4)
FNDA:0,(anonymous_5)
FNDA:0,(anonymous_6)
FNDA:0,(anonymous_7)
DA:3,0
DA:4,0
DA:5,0
DA:21,0
DA:22,0
DA:23,0
DA:24,0
DA:26,0
DA:27,0
DA:28,0
DA:29,0
DA:31,0
DA:32,0
DA:34,0
DA:35,0
DA:38,0
DA:39,0
DA:41,0
DA:42,0
DA:44,0
DA:48,0
DA:49,0
DA:52,0
DA:53,0
DA:54,0
DA:60,0
DA:64,0
DA:74,0
DA:89,0
DA:133,0
LF:30
LH:0
BRDA:31,0,0,0
BRDA:31,0,1,0
BRDA:34,1,0,0
BRDA:42,2,0,0
BRDA:42,2,1,0
BRDA:64,3,0,0
BRDA:89,4,0,0
BRDA:122,5,0,0
BRDA:135,6,0,0
BRF:9
BRH:0
end_of_record
TN:
SF:src/app/newsletters/[slug]/not-found.tsx
FN:3,NewsletterNotFound
FNF:1
FNH:0
FNDA:0,NewsletterNotFound
DA:1,0
DA:3,0
LF:2
LH:0
BRF:0
BRH:0
end_of_record
TN:
SF:src/app/newsletters/[slug]/page.tsx
FN:24,getNewsletter
FN:55,generateMetadata
FN:85,NewsletterPage
FN:97,(anonymous_7)
FN:109,(anonymous_8)
FN:111,(anonymous_9)
FNF:6
FNH:0
FNDA:0,getNewsletter
FNDA:0,generateMetadata
FNDA:0,NewsletterPage
FNDA:0,(anonymous_7)
FNDA:0,(anonymous_8)
FNDA:0,(anonymous_9)
DA:1,0
DA:2,0
DA:3,0
DA:25,0
DA:27,0
DA:28,0
DA:29,0
DA:31,0
DA:35,0
DA:37,0
DA:38,0
DA:39,0
DA:40,0
DA:42,0
DA:45,0
DA:46,0
DA:47,0
DA:50,0
DA:51,0
DA:55,0
DA:56,0
DA:57,0
DA:58,0
DA:60,0
DA:61,0
DA:67,0
DA:77,0
DA:78,0
DA:85,0
DA:86,0
DA:87,0
DA:88,0
DA:90,0
DA:92,0
DA:93,0
DA:94,0
DA:97,0
DA:98,0
DA:99,0
DA:105,0
DA:109,0
DA:111,0
DA:112,0
DA:209,0
DA:210,0
LF:45
LH:0
BRDA:25,0,0,0
BRDA:25,0,1,0
BRDA:37,1,0,0
BRDA:38,2,0,0
BRDA:60,3,0,0
BRDA:73,4,0,0
BRDA:73,4,1,0
BRDA:92,5,0,0
BRDA:150,6,0,0
BRDA:174,7,0,0
BRF:10
BRH:0
end_of_record
TN:
SF:src/app/podcast/page.tsx
FN:8,PodcastPage
FNF:1
FNH:0
FNDA:0,PodcastPage
DA:1,0
DA:3,0
DA:8,0
LF:3
LH:0
BRF:0
BRH:0
end_of_record
TN:
SF:src/app/podcast/[slug]/not-found.tsx
FN:3,NotFound
FNF:1
FNH:0
FNDA:0,NotFound
DA:1,0
DA:3,0
LF:2
LH:0
BRF:0
BRH:0
end_of_record
TN:
SF:src/app/podcast/[slug]/page.tsx
FN:20,getEpisode
FN:70,(anonymous_5)
FN:79,(anonymous_6)
FN:92,(anonymous_7)
FN:111,generateMetadata
FN:140,(anonymous_9)
FN:151,EpisodePage
FNF:7
FNH:0
FNDA:0,getEpisode
FNDA:0,(anonymous_5)
FNDA:0,(anonymous_6)
FNDA:0,(anonymous_7)
FNDA:0,generateMetadata
FNDA:0,(anonymous_9)
FNDA:0,EpisodePage
DA:1,0
DA:2,0
DA:3,0
DA:22,0
DA:25,0
DA:26,0
DA:27,0
DA:30,0
DA:31,0
DA:34,0
DA:35,0
DA:37,0
DA:44,0
DA:45,0
DA:46,0
DA:47,0
DA:50,0
DA:53,0
DA:54,0
DA:56,0
DA:63,0
DA:64,0
DA:65,0
DA:67,0
DA:70,0
DA:72,0
DA:73,0
DA:74,0
DA:78,0
DA:79,0
DA:80,0
DA:86,0
DA:87,0
DA:88,0
DA:91,0
DA:92,0
DA:94,0
DA:97,0
DA:99,0
DA:100,0
DA:107,0
DA:111,0
DA:112,0
DA:113,0
DA:114,0
DA:116,0
DA:118,0
DA:119,0
DA:120,0
DA:126,0
DA:127,0
DA:132,0
DA:133,0
DA:140,0
DA:141,0
DA:142,0
DA:143,0
DA:144,0
DA:151,0
DA:152,0
DA:153,0
DA:154,0
DA:157,0
DA:158,0
DA:159,0
DA:162,0
DA:164,0
DA:165,0
DA:166,0
DA:169,0
DA:171,0
DA:172,0
DA:175,0
DA:179,0
DA:180,0
DA:183,0
DA:184,0
LF:77
LH:0
BRDA:22,0,0,0
BRDA:22,0,1,0
BRDA:25,1,0,0
BRDA:25,2,0,0
BRDA:25,2,1,0
BRDA:44,3,0,0
BRDA:63,4,0,0
BRDA:63,4,1,0
BRDA:65,5,0,0
BRDA:65,5,1,0
BRDA:72,6,0,0
BRDA:80,7,0,0
BRDA:80,7,1,0
BRDA:80,7,2,0
BRDA:80,7,3,0
BRDA:86,8,0,0
BRDA:103,9,0,0
BRDA:103,9,1,0
BRDA:118,10,0,0
BRDA:129,11,0,0
BRDA:129,11,1,0
BRDA:141,12,0,0
BRDA:143,13,0,0
BRDA:157,14,0,0
BRDA:157,15,0,0
BRDA:157,15,1,0
BRDA:164,16,0,0
BRDA:172,17,0,0
BRDA:172,17,1,0
BRDA:183,18,0,0
BRDA:213,19,0,0
BRDA:213,19,1,0
BRDA:213,20,0,0
BRDA:213,20,1,0
BRDA:223,21,0,0
BRDA:223,21,1,0
BRDA:237,22,0,0
BRDA:251,23,0,0
BRDA:265,24,0,0
BRDA:285,25,0,0
BRF:40
BRH:0
end_of_record
TN:
SF:src/components/AboutSection.tsx
FN:6,AboutSection
FN:101,(anonymous_5)
FNF:2
FNH:0
FNDA:0,AboutSection
FNDA:0,(anonymous_5)
DA:3,0
DA:4,0
DA:6,0
DA:103,0
DA:117,0
LF:5
LH:0
BRF:0
BRH:0
end_of_record
TN:
SF:src/components/FooterNew.tsx
FN:60,FooterNew
FN:63,(anonymous_5)
FN:94,(anonymous_6)
FN:110,(anonymous_7)
FN:119,(anonymous_8)
FN:127,(anonymous_9)
FN:158,(anonymous_10)
FNF:7
FNH:0
FNDA:0,FooterNew
FNDA:0,(anonymous_5)
FNDA:0,(anonymous_6)
FNDA:0,(anonymous_7)
FNDA:0,(anonymous_8)
FNDA:0,(anonymous_9)
FNDA:0,(anonymous_10)
DA:3,0
DA:4,0
DA:5,0
DA:7,0
DA:37,0
DA:60,0
DA:61,0
DA:63,0
DA:64,0
DA:65,0
DA:66,0
DA:95,0
DA:111,0
DA:120,0
DA:127,0
DA:158,0
DA:204,0
LF:17
LH:0
BRDA:65,0,0,0
BRDA:126,1,0,0
BRF:2
BRH:0
end_of_record
TN:
SF:src/components/HealingPlateSection.tsx
FN:6,HealingPlateSection
FNF:1
FNH:0
FNDA:0,HealingPlateSection
DA:3,0
DA:4,0
DA:6,0
DA:72,0
LF:4
LH:0
BRF:0
BRH:0
end_of_record
TN:
SF:src/components/HeroSection.tsx
FN:6,HeroSection
FN:38,(anonymous_5)
FNF:2
FNH:0
FNDA:0,HeroSection
FNDA:0,(anonymous_5)
DA:3,0
DA:4,0
DA:6,0
DA:40,0
DA:69,0
LF:5
LH:0
BRF:0
BRH:0
end_of_record
TN:
SF:src/components/Navigation.tsx
FN:6,Navigation
FN:9,(anonymous_3)
FNF:2
FNH:0
FNDA:0,Navigation
FNDA:0,(anonymous_3)
DA:3,0
DA:4,0
DA:6,0
DA:7,0
DA:9,0
DA:10,0
LF:6
LH:0
BRDA:66,0,0,0
BRDA:86,1,0,0
BRF:2
BRH:0
end_of_record
TN:
SF:src/components/NavigationNew.tsx
FN:7,NavigationNew
FN:12,(anonymous_5)
FN:37,(anonymous_6)
FN:64,(anonymous_7)
FN:99,(anonymous_8)
FN:112,(anonymous_9)
FN:120,(anonymous_10)
FN:129,(anonymous_11)
FN:143,(anonymous_12)
FNF:9
FNH:0
FNDA:0,NavigationNew
FNDA:0,(anonymous_5)
FNDA:0,(anonymous_6)
FNDA:0,(anonymous_7)
FNDA:0,(anonymous_8)
FNDA:0,(anonymous_9)
FNDA:0,(anonymous_10)
FNDA:0,(anonymous_11)
FNDA:0,(anonymous_12)
DA:3,0
DA:4,0
DA:5,0
DA:7,0
DA:8,0
DA:9,0
DA:10,0
DA:12,0
DA:13,0
DA:14,0
DA:15,0
DA:17,0
DA:37,0
DA:64,0
DA:99,0
DA:112,0
DA:120,0
DA:129,0
DA:143,0
DA:161,0
LF:20
LH:0
BRDA:14,0,0,0
BRDA:76,1,0,0
BRDA:76,1,1,0
BRDA:79,2,0,0
BRDA:101,3,0,0
BRDA:101,3,1,0
BRDA:105,4,0,0
BRDA:105,4,1,0
BRDA:131,5,0,0
BRDA:131,5,1,0
BRDA:135,6,0,0
BRDA:135,6,1,0
BRDA:145,7,0,0
BRDA:145,7,1,0
BRDA:149,8,0,0
BRDA:149,8,1,0
BRF:16
BRH:0
end_of_record
TN:
SF:src/components/NewsletterFooter.tsx
FN:5,NewsletterFooter
FNF:1
FNH:0
FNDA:0,NewsletterFooter
DA:3,0
DA:5,0
DA:35,0
LF:3
LH:0
BRF:0
BRH:0
end_of_record
TN:
SF:src/components/NewsletterSignup.tsx
FN:11,NewsletterSignup
FN:24,(anonymous_2)
FN:28,(anonymous_3)
FN:86,(anonymous_4)
FN:94,(anonymous_5)
FN:104,(anonymous_6)
FN:144,(anonymous_7)
FN:152,(anonymous_8)
FN:162,(anonymous_9)
FNF:9
FNH:6
FNDA:303,NewsletterSignup
FNDA:18,(anonymous_2)
FNDA:13,(anonymous_3)
FNDA:0,(anonymous_4)
FNDA:0,(anonymous_5)
FNDA:0,(anonymous_6)
FNDA:24,(anonymous_7)
FNDA:6,(anonymous_8)
FNDA:229,(anonymous_9)
DA:3,1
DA:11,18
DA:16,303
DA:17,303
DA:18,303
DA:19,303
DA:20,303
DA:21,303
DA:22,303
DA:24,303
DA:25,18
DA:28,303
DA:29,13
DA:30,13
DA:31,13
DA:33,13
DA:34,13
DA:47,12
DA:48,9
DA:49,9
DA:50,9
DA:51,9
DA:52,9
DA:54,3
DA:55,1
DA:56,1
DA:59,3
DA:60,3
DA:62,13
DA:66,303
DA:86,0
DA:94,0
DA:104,0
DA:144,24
DA:152,6
DA:162,229
LF:36
LH:33
BRDA:12,0,0,303
BRDA:13,1,0,303
BRDA:47,2,0,9
BRDA:47,2,1,3
BRDA:55,3,0,1
BRDA:55,3,1,0
BRDA:66,4,0,0
BRDA:114,5,0,0
BRDA:114,5,1,0
BRDA:118,6,0,0
BRDA:120,7,0,0
BRDA:120,7,1,0
BRDA:172,8,0,13
BRDA:172,8,1,290
BRDA:176,9,0,303
BRDA:178,10,0,9
BRDA:178,10,1,4
BRF:17
BRH:10
end_of_record
TN:
SF:src/components/NewsletterSignupNew.tsx
FN:13,NewsletterSignupNew
FN:21,(anonymous_5)
FN:184,(anonymous_6)
FN:199,(anonymous_7)
FN:216,(anonymous_8)
FNF:5
FNH:0
FNDA:0,NewsletterSignupNew
FNDA:0,(anonymous_5)
FNDA:0,(anonymous_6)
FNDA:0,(anonymous_7)
FNDA:0,(anonymous_8)
DA:3,0
DA:4,0
DA:5,0
DA:11,0
DA:13,0
DA:14,0
DA:15,0
DA:16,0
DA:17,0
DA:18,0
DA:19,0
DA:21,0
DA:22,0
DA:23,0
DA:24,0
DA:26,0
DA:27,0
DA:28,0
DA:41,0
DA:42,0
DA:43,0
DA:44,0
DA:45,0
DA:47,0
DA:48,0
DA:49,0
DA:51,0
DA:55,0
DA:57,0
DA:61,0
DA:184,0
DA:199,0
DA:216,0
DA:266,0
LF:34
LH:0
BRDA:27,0,0,0
BRDA:27,0,1,0
BRDA:41,1,0,0
BRDA:41,1,1,0
BRDA:48,2,0,0
BRDA:48,2,1,0
BRDA:48,3,0,0
BRDA:48,3,1,0
BRDA:61,4,0,0
BRDA:228,5,0,0
BRDA:238,6,0,0
BRDA:238,6,1,0
BRDA:238,6,2,0
BRDA:238,6,3,0
BRDA:241,7,0,0
BRDA:241,7,1,0
BRF:16
BRH:0
end_of_record
TN:
SF:src/components/PersonalIntroSection.tsx
FN:5,PersonalIntroSection
FNF:1
FNH:0
FNDA:0,PersonalIntroSection
DA:3,0
DA:5,0
DA:56,0
LF:3
LH:0
BRF:0
BRH:0
end_of_record
TN:
SF:src/components/PillarCards.tsx
FN:50,PillarCards
FN:82,(anonymous_4)
FN:158,(anonymous_5)
FNF:3
FNH:0
FNDA:0,PillarCards
FNDA:0,(anonymous_4)
FNDA:0,(anonymous_5)
DA:3,0
DA:9,0
DA:11,0
DA:50,0
DA:83,0
DA:159,0
DA:172,0
LF:7
LH:0
BRF:0
BRH:0
end_of_record
TN:
SF:src/components/PodcastGrid.tsx
FN:28,PodcastGrid
FN:37,(anonymous_3)
FN:56,(anonymous_4)
FN:60,(anonymous_5)
FN:81,(anonymous_6)
FN:139,(anonymous_7)
FN:151,(anonymous_8)
FNF:7
FNH:6
FNDA:39,PodcastGrid
FNDA:21,(anonymous_3)
FNDA:20,(anonymous_4)
FNDA:17,(anonymous_5)
FNDA:59,(anonymous_6)
FNDA:17,(anonymous_7)
FNDA:0,(anonymous_8)
DA:3,2
DA:4,2
DA:5,2
DA:28,20
DA:33,39
DA:34,39
DA:35,39
DA:37,39
DA:38,21
DA:39,21
DA:40,21
DA:41,21
DA:42,19
DA:43,17
DA:44,17
DA:45,17
DA:47,2
DA:50,1
DA:52,20
DA:56,39
DA:57,20
DA:60,39
DA:61,17
DA:62,17
DA:64,17
DA:65,16
DA:72,39
DA:82,59
DA:107,18
DA:121,15
DA:140,17
DA:152,0
LF:32
LH:31
BRDA:30,0,0,37
BRDA:31,1,0,38
BRDA:42,2,0,17
BRDA:42,2,1,2
BRDA:44,3,0,2
BRDA:44,3,1,15
BRDA:61,4,0,0
BRDA:64,5,0,1
BRDA:72,6,0,21
BRDA:75,7,0,21
BRDA:81,8,0,21
BRDA:81,8,1,19
BRDA:107,9,0,3
BRDA:121,10,0,1
BRDA:132,11,0,14
BRDA:145,12,0,11
BRDA:145,12,1,6
BRDA:145,13,0,17
BRDA:145,13,1,11
BRDA:158,14,0,17
BRDA:158,14,1,11
BRDA:185,15,0,17
BRDA:198,16,0,11
BRDA:209,17,0,17
BRDA:223,18,0,17
BRDA:237,19,0,17
BRDA:262,20,0,14
BRDA:262,20,1,2
BRF:28
BRH:27
end_of_record
TN:
SF:src/components/PodcastSection.tsx
FN:13,PodcastSection
FNF:1
FNH:0
FNDA:0,PodcastSection
DA:3,0
DA:4,0
DA:5,0
DA:11,0
DA:13,0
DA:279,0
LF:6
LH:0
BRF:0
BRH:0
end_of_record
TN:
SF:src/components/PodcastSectionNew.tsx
FN:7,PodcastSectionNew
FNF:1
FNH:0
FNDA:0,PodcastSectionNew
DA:3,0
DA:4,0
DA:5,0
DA:7,0
DA:125,0
LF:5
LH:0
BRF:0
BRH:0
end_of_record
TN:
SF:src/components/ui/Typography.tsx
FN:85,Typography
FN:94,Button
FN:103,Input
FN:108,Card
FN:117,CardBody
FN:126,IconButton
FN:135,Navbar
FN:144,Collapse
FNF:8
FNH:0
FNDA:0,Typography
FNDA:0,Button
FNDA:0,Input
FNDA:0,Card
FNDA:0,CardBody
FNDA:0,IconButton
FNDA:0,Navbar
FNDA:0,Collapse
DA:1,0
DA:11,0
DA:85,0
DA:86,0
DA:94,0
DA:95,0
DA:103,0
DA:104,0
DA:108,0
DA:109,0
DA:117,0
DA:118,0
DA:126,0
DA:127,0
DA:135,0
DA:136,0
DA:144,0
DA:145,0
DA:153,0
DA:154,0
LF:20
LH:0
BRF:0
BRH:0
end_of_record
